[debug] [2022-07-28T09:49:58.801Z] ----------------------------------------------------------------------
[debug] [2022-07-28T09:49:58.803Z] Command:       /usr/local/bin/node /usr/local/bin/firebase emulators:start --only functions
[debug] [2022-07-28T09:49:58.803Z] CLI Version:   9.23.0
[debug] [2022-07-28T09:49:58.803Z] Platform:      darwin
[debug] [2022-07-28T09:49:58.803Z] Node Version:  v16.13.0
[debug] [2022-07-28T09:49:58.804Z] Time:          Thu Jul 28 2022 17:49:58 GMT+0800 (Malaysia Time)
[debug] [2022-07-28T09:49:58.804Z] ----------------------------------------------------------------------
[debug] 
[debug] [2022-07-28T09:49:58.848Z] > command requires scopes: ["email","openid","https://www.googleapis.com/auth/cloudplatformprojects.readonly","https://www.googleapis.com/auth/firebase","https://www.googleapis.com/auth/cloud-platform"]
[debug] [2022-07-28T09:49:58.849Z] > authorizing via signed-in user (ooiboonyew91@hotmail.com)
[info] i  emulators: Starting emulators: functions {"metadata":{"emulator":{"name":"hub"},"message":"Starting emulators: functions"}}
[debug] [2022-07-28T09:49:58.868Z] [hub] writing locator at /var/folders/vq/mcsn3m_1139d9p05f8_cdbv40000gp/T/hub-moe-wps.json
[warn] ⚠  functions: The following emulators are not running, calls to these services from the Functions emulator will affect production: auth, firestore, database, hosting, pubsub, storage {"metadata":{"emulator":{"name":"functions"},"message":"The following emulators are not running, calls to these services from the Functions emulator will affect production: \u001b[1mauth, firestore, database, hosting, pubsub, storage\u001b[22m"}}
[warn] ⚠  Your requested "node" version "14" doesn't match your global version "16" {"metadata":{"emulator":{"name":"functions"},"message":"Your requested \"node\" version \"14\" doesn't match your global version \"16\""}}
[debug] [2022-07-28T09:49:58.906Z] defaultcredentials: writing to file /Users/ooiboonyew/.config/firebase/ooiboonyew91_hotmail_com_application_default_credentials.json
[debug] [2022-07-28T09:49:58.919Z] Setting GAC to /Users/ooiboonyew/.config/firebase/ooiboonyew91_hotmail_com_application_default_credentials.json {"metadata":{"emulator":{"name":"functions"},"message":"Setting GAC to /Users/ooiboonyew/.config/firebase/ooiboonyew91_hotmail_com_application_default_credentials.json"}}
[debug] [2022-07-28T09:49:58.921Z] > refreshing access token with scopes: []
[debug] [2022-07-28T09:49:58.922Z] >>> HTTP REQUEST POST https://www.googleapis.com/oauth2/v3/token  
 <request body omitted>
[debug] [2022-07-28T09:49:59.012Z] <<< HTTP RESPONSE 200 {"pragma":"no-cache","date":"Thu, 28 Jul 2022 09:49:59 GMT","expires":"Mon, 01 Jan 1990 00:00:00 GMT","cache-control":"no-cache, no-store, max-age=0, must-revalidate","content-type":"application/json; charset=utf-8","vary":"X-Origin, Referer, Origin,Accept-Encoding","server":"scaffolding on HTTPServer2","x-xss-protection":"0","x-frame-options":"SAMEORIGIN","x-content-type-options":"nosniff","alt-svc":"h3=\":443\"; ma=2592000,h3-29=\":443\"; ma=2592000,h3-Q050=\":443\"; ma=2592000,h3-Q046=\":443\"; ma=2592000,h3-Q043=\":443\"; ma=2592000,quic=\":443\"; ma=2592000; v=\"46,43\"","accept-ranges":"none","transfer-encoding":"chunked"}
[debug] [2022-07-28T09:49:59.041Z] >>> [apiv2][query] GET https://firebase.googleapis.com/v1beta1/projects/moe-wps/adminSdkConfig [none]
[debug] [2022-07-28T09:49:59.392Z] <<< [apiv2][status] GET https://firebase.googleapis.com/v1beta1/projects/moe-wps/adminSdkConfig 200
[debug] [2022-07-28T09:49:59.392Z] <<< [apiv2][body] GET https://firebase.googleapis.com/v1beta1/projects/moe-wps/adminSdkConfig {"projectId":"moe-wps","storageBucket":"moe-wps.appspot.com","locationId":"asia-southeast1"}
[debug] [2022-07-28T09:49:59.425Z] Ignoring unsupported arg: auto_download {"metadata":{"emulator":{"name":"ui"},"message":"Ignoring unsupported arg: auto_download"}}
[debug] [2022-07-28T09:49:59.426Z] Ignoring unsupported arg: port {"metadata":{"emulator":{"name":"ui"},"message":"Ignoring unsupported arg: port"}}
[debug] [2022-07-28T09:49:59.426Z] Starting Emulator UI with command {"binary":"node","args":["/Users/ooiboonyew/.cache/firebase/emulators/ui-v1.6.4/server.bundle.js"],"optionalArgs":[],"joinArgs":false} {"metadata":{"emulator":{"name":"ui"},"message":"Starting Emulator UI with command {\"binary\":\"node\",\"args\":[\"/Users/ooiboonyew/.cache/firebase/emulators/ui-v1.6.4/server.bundle.js\"],\"optionalArgs\":[],\"joinArgs\":false}"}}
[info] i  ui: Emulator UI logging to ui-debug.log {"metadata":{"emulator":{"name":"ui"},"message":"Emulator UI logging to \u001b[1mui-debug.log\u001b[22m"}}
[debug] [2022-07-28T09:49:59.536Z] Web / API server started at localhost:4000
 {"metadata":{"emulator":{"name":"ui"},"message":"Web / API server started at localhost:4000\n"}}
[info] i  functions: Watching "/Users/ooiboonyew/Documents/personal/rsvp/rsvp-p18/rsvp-p18-main/functions" for Cloud Functions... {"metadata":{"emulator":{"name":"functions"},"message":"Watching \"/Users/ooiboonyew/Documents/personal/rsvp/rsvp-p18/rsvp-p18-main/functions\" for Cloud Functions..."}}
[debug] [2022-07-28T09:49:59.706Z] [worker-pool] addWorker(~diagnostic~) {"metadata":{"emulator":{"name":"functions"},"message":"[worker-pool] addWorker(~diagnostic~)"}}
[debug] [2022-07-28T09:49:59.706Z] [worker-pool] Adding worker with key ~diagnostic~, total=1 {"metadata":{"emulator":{"name":"functions"},"message":"[worker-pool] Adding worker with key ~diagnostic~, total=1"}}
[debug] [2022-07-28T09:49:59.707Z] [worker-pool] submitWork(triggerId=) {"metadata":{"emulator":{"name":"functions"},"message":"[worker-pool] submitWork(triggerId=)"}}
[debug] [2022-07-28T09:49:59.707Z] [worker-~diagnostic~-fbd24c29-d023-41a8-b934-19ccc1c66c13]: Assigning socketPath: /var/folders/vq/mcsn3m_1139d9p05f8_cdbv40000gp/T/fire_emu_30672.sock {"metadata":{"emulator":{"name":"functions"},"message":"[worker-~diagnostic~-fbd24c29-d023-41a8-b934-19ccc1c66c13]: Assigning socketPath: /var/folders/vq/mcsn3m_1139d9p05f8_cdbv40000gp/T/fire_emu_30672.sock"}}
[debug] [2022-07-28T09:49:59.707Z] [worker-~diagnostic~-fbd24c29-d023-41a8-b934-19ccc1c66c13]: BUSY {"metadata":{"emulator":{"name":"functions"},"message":"[worker-~diagnostic~-fbd24c29-d023-41a8-b934-19ccc1c66c13]: BUSY"}}
[debug] [2022-07-28T09:49:59.864Z] [runtime-status] [30672] Functions runtime initialized. {"cwd":"/Users/ooiboonyew/Documents/personal/rsvp/rsvp-p18/rsvp-p18-main/functions","node_version":"16.13.0"} {"metadata":{"emulator":{"name":"functions"},"message":"[runtime-status] [30672] Functions runtime initialized. {\"cwd\":\"/Users/ooiboonyew/Documents/personal/rsvp/rsvp-p18/rsvp-p18-main/functions\",\"node_version\":\"16.13.0\"}"}}
[debug] [2022-07-28T09:49:59.865Z] [runtime-status] [30672] Disabled runtime features: undefined {"metadata":{"emulator":{"name":"functions"},"message":"[runtime-status] [30672] Disabled runtime features: undefined"}}
[debug] [2022-07-28T09:49:59.866Z] [runtime-status] [30672] Resolved module firebase-admin {"declared":true,"installed":true,"version":"9.12.0","resolution":"/Users/ooiboonyew/Documents/personal/rsvp/rsvp-p18/rsvp-p18-main/functions/node_modules/firebase-admin/lib/index.js"} {"metadata":{"emulator":{"name":"functions"},"message":"[runtime-status] [30672] Resolved module firebase-admin {\"declared\":true,\"installed\":true,\"version\":\"9.12.0\",\"resolution\":\"/Users/ooiboonyew/Documents/personal/rsvp/rsvp-p18/rsvp-p18-main/functions/node_modules/firebase-admin/lib/index.js\"}"}}
[debug] [2022-07-28T09:49:59.869Z] [runtime-status] [30672] Resolved module firebase-functions {"declared":true,"installed":true,"version":"3.20.1","resolution":"/Users/ooiboonyew/Documents/personal/rsvp/rsvp-p18/rsvp-p18-main/functions/node_modules/firebase-functions/lib/index.js"} {"metadata":{"emulator":{"name":"functions"},"message":"[runtime-status] [30672] Resolved module firebase-functions {\"declared\":true,\"installed\":true,\"version\":\"3.20.1\",\"resolution\":\"/Users/ooiboonyew/Documents/personal/rsvp/rsvp-p18/rsvp-p18-main/functions/node_modules/firebase-functions/lib/index.js\"}"}}
[debug] [2022-07-28T09:49:59.870Z] [runtime-status] [30672] Outgoing network have been stubbed. [{"name":"http","status":"mocked"},{"name":"http","status":"mocked"},{"name":"https","status":"mocked"},{"name":"https","status":"mocked"},{"name":"net","status":"mocked"}] {"metadata":{"emulator":{"name":"functions"},"message":"[runtime-status] [30672] Outgoing network have been stubbed. [{\"name\":\"http\",\"status\":\"mocked\"},{\"name\":\"http\",\"status\":\"mocked\"},{\"name\":\"https\",\"status\":\"mocked\"},{\"name\":\"https\",\"status\":\"mocked\"},{\"name\":\"net\",\"status\":\"mocked\"}]"}}
[debug] [2022-07-28T09:49:59.871Z] [runtime-status] [30672] Resolved module firebase-functions {"declared":true,"installed":true,"version":"3.20.1","resolution":"/Users/ooiboonyew/Documents/personal/rsvp/rsvp-p18/rsvp-p18-main/functions/node_modules/firebase-functions/lib/index.js"} {"metadata":{"emulator":{"name":"functions"},"message":"[runtime-status] [30672] Resolved module firebase-functions {\"declared\":true,\"installed\":true,\"version\":\"3.20.1\",\"resolution\":\"/Users/ooiboonyew/Documents/personal/rsvp/rsvp-p18/rsvp-p18-main/functions/node_modules/firebase-functions/lib/index.js\"}"}}
[debug] [2022-07-28T09:49:59.953Z] [runtime-status] [30672] Checked functions.config() {"config":{}} {"metadata":{"emulator":{"name":"functions"},"message":"[runtime-status] [30672] Checked functions.config() {\"config\":{}}"}}
[debug] [2022-07-28T09:49:59.954Z] [runtime-status] [30672] firebase-functions has been stubbed. {"functionsResolution":{"declared":true,"installed":true,"version":"3.20.1","resolution":"/Users/ooiboonyew/Documents/personal/rsvp/rsvp-p18/rsvp-p18-main/functions/node_modules/firebase-functions/lib/index.js"}} {"metadata":{"emulator":{"name":"functions"},"message":"[runtime-status] [30672] firebase-functions has been stubbed. {\"functionsResolution\":{\"declared\":true,\"installed\":true,\"version\":\"3.20.1\",\"resolution\":\"/Users/ooiboonyew/Documents/personal/rsvp/rsvp-p18/rsvp-p18-main/functions/node_modules/firebase-functions/lib/index.js\"}}"}}
[debug] [2022-07-28T09:49:59.954Z] [runtime-status] [30672] Resolved module firebase-functions {"declared":true,"installed":true,"version":"3.20.1","resolution":"/Users/ooiboonyew/Documents/personal/rsvp/rsvp-p18/rsvp-p18-main/functions/node_modules/firebase-functions/lib/index.js"} {"metadata":{"emulator":{"name":"functions"},"message":"[runtime-status] [30672] Resolved module firebase-functions {\"declared\":true,\"installed\":true,\"version\":\"3.20.1\",\"resolution\":\"/Users/ooiboonyew/Documents/personal/rsvp/rsvp-p18/rsvp-p18-main/functions/node_modules/firebase-functions/lib/index.js\"}"}}
[debug] [2022-07-28T09:49:59.955Z] [runtime-status] [30672] Resolved module firebase-admin {"declared":true,"installed":true,"version":"9.12.0","resolution":"/Users/ooiboonyew/Documents/personal/rsvp/rsvp-p18/rsvp-p18-main/functions/node_modules/firebase-admin/lib/index.js"} {"metadata":{"emulator":{"name":"functions"},"message":"[runtime-status] [30672] Resolved module firebase-admin {\"declared\":true,\"installed\":true,\"version\":\"9.12.0\",\"resolution\":\"/Users/ooiboonyew/Documents/personal/rsvp/rsvp-p18/rsvp-p18-main/functions/node_modules/firebase-admin/lib/index.js\"}"}}
[debug] [2022-07-28T09:49:59.956Z] [runtime-status] [30672] Resolved module firebase-functions {"declared":true,"installed":true,"version":"3.20.1","resolution":"/Users/ooiboonyew/Documents/personal/rsvp/rsvp-p18/rsvp-p18-main/functions/node_modules/firebase-functions/lib/index.js"} {"metadata":{"emulator":{"name":"functions"},"message":"[runtime-status] [30672] Resolved module firebase-functions {\"declared\":true,\"installed\":true,\"version\":\"3.20.1\",\"resolution\":\"/Users/ooiboonyew/Documents/personal/rsvp/rsvp-p18/rsvp-p18-main/functions/node_modules/firebase-functions/lib/index.js\"}"}}
[debug] [2022-07-28T09:49:59.956Z] [runtime-status] [30672] firebase-admin has been stubbed. {"adminResolution":{"declared":true,"installed":true,"version":"9.12.0","resolution":"/Users/ooiboonyew/Documents/personal/rsvp/rsvp-p18/rsvp-p18-main/functions/node_modules/firebase-admin/lib/index.js"}} {"metadata":{"emulator":{"name":"functions"},"message":"[runtime-status] [30672] firebase-admin has been stubbed. {\"adminResolution\":{\"declared\":true,\"installed\":true,\"version\":\"9.12.0\",\"resolution\":\"/Users/ooiboonyew/Documents/personal/rsvp/rsvp-p18/rsvp-p18-main/functions/node_modules/firebase-admin/lib/index.js\"}}"}}
[debug] [2022-07-28T09:49:59.957Z] [runtime-status] [30672] initializeApp(DEFAULT) {"storageBucket":"moe-wps.appspot.com","projectId":"moe-wps"} {"metadata":{"emulator":{"name":"functions"},"message":"[runtime-status] [30672] initializeApp(DEFAULT) {\"storageBucket\":\"moe-wps.appspot.com\",\"projectId\":\"moe-wps\"}"}}
[warn] ⚠  functions: The Cloud Firestore emulator is not running, so calls to Firestore will affect production. {"metadata":{"emulator":{"name":"functions"},"message":"The Cloud Firestore emulator is not running, so calls to Firestore will affect production."}}
[info] ✔  functions[asia-southeast1-rsvp]: http function initialized (http://localhost:6001/moe-wps/asia-southeast1/rsvp). {"metadata":{"emulator":{"name":"functions"},"message":"\u001b[1mhttp\u001b[22m function initialized (http://localhost:6001/moe-wps/asia-southeast1/rsvp)."}}
[info] 
┌─────────────────────────────────────────────────────────────┐
│ ✔  All emulators ready! It is now safe to connect your app. │
│ i  View Emulator UI at http://localhost:4000                │
└─────────────────────────────────────────────────────────────┘

┌───────────┬────────────────┬─────────────────────────────────┐
│ Emulator  │ Host:Port      │ View in Emulator UI             │
├───────────┼────────────────┼─────────────────────────────────┤
│ Functions │ localhost:6001 │ http://localhost:4000/functions │
└───────────┴────────────────┴─────────────────────────────────┘
  Emulator Hub running at localhost:4400
  Other reserved ports: 4500

Issues? Report them at https://github.com/firebase/firebase-tools/issues and attach the *-debug.log files.
 
[debug] [2022-07-28T09:50:00.229Z] [worker-~diagnostic~-fbd24c29-d023-41a8-b934-19ccc1c66c13]: IDLE {"metadata":{"emulator":{"name":"functions"},"message":"[worker-~diagnostic~-fbd24c29-d023-41a8-b934-19ccc1c66c13]: IDLE"}}
[debug] [2022-07-28T09:50:07.730Z] Functions emulator received unknown request at path /sp-group-a1f00/asia-southeast1/rsvp
[debug] [2022-07-28T09:50:23.259Z] File /Users/ooiboonyew/Documents/personal/rsvp/rsvp-p18/rsvp-p18-main/functions/api/rsvp.js changed, reloading triggers {"metadata":{"emulator":{"name":"functions"},"message":"File /Users/ooiboonyew/Documents/personal/rsvp/rsvp-p18/rsvp-p18-main/functions/api/rsvp.js changed, reloading triggers"}}
[debug] [2022-07-28T09:50:24.260Z] [worker-pool] Shutting down IDLE worker (~diagnostic~) {"metadata":{"emulator":{"name":"functions"},"message":"[worker-pool] Shutting down IDLE worker (~diagnostic~)"}}
[debug] [2022-07-28T09:50:24.260Z] [worker-~diagnostic~-fbd24c29-d023-41a8-b934-19ccc1c66c13]: FINISHING {"metadata":{"emulator":{"name":"functions"},"message":"[worker-~diagnostic~-fbd24c29-d023-41a8-b934-19ccc1c66c13]: FINISHING"}}
[debug] [2022-07-28T09:50:24.267Z] [worker-pool] addWorker(~diagnostic~) {"metadata":{"emulator":{"name":"functions"},"message":"[worker-pool] addWorker(~diagnostic~)"}}
[debug] [2022-07-28T09:50:24.268Z] [worker-pool] Adding worker with key ~diagnostic~, total=2 {"metadata":{"emulator":{"name":"functions"},"message":"[worker-pool] Adding worker with key ~diagnostic~, total=2"}}
[debug] [2022-07-28T09:50:24.268Z] [worker-pool] submitWork(triggerId=) {"metadata":{"emulator":{"name":"functions"},"message":"[worker-pool] submitWork(triggerId=)"}}
[debug] [2022-07-28T09:50:24.268Z] [worker-~diagnostic~-43516174-6163-456a-8ea5-fe161e56006b]: Assigning socketPath: /var/folders/vq/mcsn3m_1139d9p05f8_cdbv40000gp/T/fire_emu_30711.sock {"metadata":{"emulator":{"name":"functions"},"message":"[worker-~diagnostic~-43516174-6163-456a-8ea5-fe161e56006b]: Assigning socketPath: /var/folders/vq/mcsn3m_1139d9p05f8_cdbv40000gp/T/fire_emu_30711.sock"}}
[debug] [2022-07-28T09:50:24.268Z] [worker-~diagnostic~-43516174-6163-456a-8ea5-fe161e56006b]: BUSY {"metadata":{"emulator":{"name":"functions"},"message":"[worker-~diagnostic~-43516174-6163-456a-8ea5-fe161e56006b]: BUSY"}}
[debug] [2022-07-28T09:50:24.270Z] [worker-~diagnostic~-fbd24c29-d023-41a8-b934-19ccc1c66c13]: exited {"metadata":{"emulator":{"name":"functions"},"message":"[worker-~diagnostic~-fbd24c29-d023-41a8-b934-19ccc1c66c13]: exited"}}
[debug] [2022-07-28T09:50:24.270Z] [worker-~diagnostic~-fbd24c29-d023-41a8-b934-19ccc1c66c13]: FINISHED {"metadata":{"emulator":{"name":"functions"},"message":"[worker-~diagnostic~-fbd24c29-d023-41a8-b934-19ccc1c66c13]: FINISHED"}}
[debug] [2022-07-28T09:50:24.416Z] [runtime-status] [30711] Functions runtime initialized. {"cwd":"/Users/ooiboonyew/Documents/personal/rsvp/rsvp-p18/rsvp-p18-main/functions","node_version":"16.13.0"} {"metadata":{"emulator":{"name":"functions"},"message":"[runtime-status] [30711] Functions runtime initialized. {\"cwd\":\"/Users/ooiboonyew/Documents/personal/rsvp/rsvp-p18/rsvp-p18-main/functions\",\"node_version\":\"16.13.0\"}"}}
[debug] [2022-07-28T09:50:24.417Z] [runtime-status] [30711] Disabled runtime features: undefined {"metadata":{"emulator":{"name":"functions"},"message":"[runtime-status] [30711] Disabled runtime features: undefined"}}
[debug] [2022-07-28T09:50:24.419Z] [runtime-status] [30711] Resolved module firebase-admin {"declared":true,"installed":true,"version":"9.12.0","resolution":"/Users/ooiboonyew/Documents/personal/rsvp/rsvp-p18/rsvp-p18-main/functions/node_modules/firebase-admin/lib/index.js"} {"metadata":{"emulator":{"name":"functions"},"message":"[runtime-status] [30711] Resolved module firebase-admin {\"declared\":true,\"installed\":true,\"version\":\"9.12.0\",\"resolution\":\"/Users/ooiboonyew/Documents/personal/rsvp/rsvp-p18/rsvp-p18-main/functions/node_modules/firebase-admin/lib/index.js\"}"}}
[debug] [2022-07-28T09:50:24.421Z] [runtime-status] [30711] Resolved module firebase-functions {"declared":true,"installed":true,"version":"3.20.1","resolution":"/Users/ooiboonyew/Documents/personal/rsvp/rsvp-p18/rsvp-p18-main/functions/node_modules/firebase-functions/lib/index.js"} {"metadata":{"emulator":{"name":"functions"},"message":"[runtime-status] [30711] Resolved module firebase-functions {\"declared\":true,\"installed\":true,\"version\":\"3.20.1\",\"resolution\":\"/Users/ooiboonyew/Documents/personal/rsvp/rsvp-p18/rsvp-p18-main/functions/node_modules/firebase-functions/lib/index.js\"}"}}
[debug] [2022-07-28T09:50:24.423Z] [runtime-status] [30711] Outgoing network have been stubbed. [{"name":"http","status":"mocked"},{"name":"http","status":"mocked"},{"name":"https","status":"mocked"},{"name":"https","status":"mocked"},{"name":"net","status":"mocked"}] {"metadata":{"emulator":{"name":"functions"},"message":"[runtime-status] [30711] Outgoing network have been stubbed. [{\"name\":\"http\",\"status\":\"mocked\"},{\"name\":\"http\",\"status\":\"mocked\"},{\"name\":\"https\",\"status\":\"mocked\"},{\"name\":\"https\",\"status\":\"mocked\"},{\"name\":\"net\",\"status\":\"mocked\"}]"}}
[debug] [2022-07-28T09:50:24.424Z] [runtime-status] [30711] Resolved module firebase-functions {"declared":true,"installed":true,"version":"3.20.1","resolution":"/Users/ooiboonyew/Documents/personal/rsvp/rsvp-p18/rsvp-p18-main/functions/node_modules/firebase-functions/lib/index.js"} {"metadata":{"emulator":{"name":"functions"},"message":"[runtime-status] [30711] Resolved module firebase-functions {\"declared\":true,\"installed\":true,\"version\":\"3.20.1\",\"resolution\":\"/Users/ooiboonyew/Documents/personal/rsvp/rsvp-p18/rsvp-p18-main/functions/node_modules/firebase-functions/lib/index.js\"}"}}
[debug] [2022-07-28T09:50:24.500Z] [runtime-status] [30711] Checked functions.config() {"config":{}} {"metadata":{"emulator":{"name":"functions"},"message":"[runtime-status] [30711] Checked functions.config() {\"config\":{}}"}}
[debug] [2022-07-28T09:50:24.500Z] [runtime-status] [30711] firebase-functions has been stubbed. {"functionsResolution":{"declared":true,"installed":true,"version":"3.20.1","resolution":"/Users/ooiboonyew/Documents/personal/rsvp/rsvp-p18/rsvp-p18-main/functions/node_modules/firebase-functions/lib/index.js"}} {"metadata":{"emulator":{"name":"functions"},"message":"[runtime-status] [30711] firebase-functions has been stubbed. {\"functionsResolution\":{\"declared\":true,\"installed\":true,\"version\":\"3.20.1\",\"resolution\":\"/Users/ooiboonyew/Documents/personal/rsvp/rsvp-p18/rsvp-p18-main/functions/node_modules/firebase-functions/lib/index.js\"}}"}}
[debug] [2022-07-28T09:50:24.501Z] [runtime-status] [30711] Resolved module firebase-functions {"declared":true,"installed":true,"version":"3.20.1","resolution":"/Users/ooiboonyew/Documents/personal/rsvp/rsvp-p18/rsvp-p18-main/functions/node_modules/firebase-functions/lib/index.js"} {"metadata":{"emulator":{"name":"functions"},"message":"[runtime-status] [30711] Resolved module firebase-functions {\"declared\":true,\"installed\":true,\"version\":\"3.20.1\",\"resolution\":\"/Users/ooiboonyew/Documents/personal/rsvp/rsvp-p18/rsvp-p18-main/functions/node_modules/firebase-functions/lib/index.js\"}"}}
[debug] [2022-07-28T09:50:24.502Z] [runtime-status] [30711] Resolved module firebase-admin {"declared":true,"installed":true,"version":"9.12.0","resolution":"/Users/ooiboonyew/Documents/personal/rsvp/rsvp-p18/rsvp-p18-main/functions/node_modules/firebase-admin/lib/index.js"} {"metadata":{"emulator":{"name":"functions"},"message":"[runtime-status] [30711] Resolved module firebase-admin {\"declared\":true,\"installed\":true,\"version\":\"9.12.0\",\"resolution\":\"/Users/ooiboonyew/Documents/personal/rsvp/rsvp-p18/rsvp-p18-main/functions/node_modules/firebase-admin/lib/index.js\"}"}}
[debug] [2022-07-28T09:50:24.502Z] [runtime-status] [30711] Resolved module firebase-functions {"declared":true,"installed":true,"version":"3.20.1","resolution":"/Users/ooiboonyew/Documents/personal/rsvp/rsvp-p18/rsvp-p18-main/functions/node_modules/firebase-functions/lib/index.js"} {"metadata":{"emulator":{"name":"functions"},"message":"[runtime-status] [30711] Resolved module firebase-functions {\"declared\":true,\"installed\":true,\"version\":\"3.20.1\",\"resolution\":\"/Users/ooiboonyew/Documents/personal/rsvp/rsvp-p18/rsvp-p18-main/functions/node_modules/firebase-functions/lib/index.js\"}"}}
[debug] [2022-07-28T09:50:24.503Z] [runtime-status] [30711] firebase-admin has been stubbed. {"adminResolution":{"declared":true,"installed":true,"version":"9.12.0","resolution":"/Users/ooiboonyew/Documents/personal/rsvp/rsvp-p18/rsvp-p18-main/functions/node_modules/firebase-admin/lib/index.js"}} {"metadata":{"emulator":{"name":"functions"},"message":"[runtime-status] [30711] firebase-admin has been stubbed. {\"adminResolution\":{\"declared\":true,\"installed\":true,\"version\":\"9.12.0\",\"resolution\":\"/Users/ooiboonyew/Documents/personal/rsvp/rsvp-p18/rsvp-p18-main/functions/node_modules/firebase-admin/lib/index.js\"}}"}}
[debug] [2022-07-28T09:50:24.504Z] [runtime-status] [30711] initializeApp(DEFAULT) {"storageBucket":"moe-wps.appspot.com","projectId":"moe-wps"} {"metadata":{"emulator":{"name":"functions"},"message":"[runtime-status] [30711] initializeApp(DEFAULT) {\"storageBucket\":\"moe-wps.appspot.com\",\"projectId\":\"moe-wps\"}"}}
[debug] [2022-07-28T09:50:24.669Z] [worker-~diagnostic~-43516174-6163-456a-8ea5-fe161e56006b]: IDLE {"metadata":{"emulator":{"name":"functions"},"message":"[worker-~diagnostic~-43516174-6163-456a-8ea5-fe161e56006b]: IDLE"}}
[debug] [2022-07-28T09:50:26.095Z] Functions emulator received unknown request at path /sp-group-a1f00/asia-southeast1/rsvp
[debug] [2022-07-28T09:50:49.344Z] File /Users/ooiboonyew/Documents/personal/rsvp/rsvp-p18/rsvp-p18-main/functions/api/rsvp.js changed, reloading triggers {"metadata":{"emulator":{"name":"functions"},"message":"File /Users/ooiboonyew/Documents/personal/rsvp/rsvp-p18/rsvp-p18-main/functions/api/rsvp.js changed, reloading triggers"}}
[debug] [2022-07-28T09:50:50.345Z] [worker-pool] Shutting down IDLE worker (~diagnostic~) {"metadata":{"emulator":{"name":"functions"},"message":"[worker-pool] Shutting down IDLE worker (~diagnostic~)"}}
[debug] [2022-07-28T09:50:50.346Z] [worker-~diagnostic~-43516174-6163-456a-8ea5-fe161e56006b]: FINISHING {"metadata":{"emulator":{"name":"functions"},"message":"[worker-~diagnostic~-43516174-6163-456a-8ea5-fe161e56006b]: FINISHING"}}
[debug] [2022-07-28T09:50:50.346Z] [worker-pool] Cleaned up workers for ~diagnostic~: 2 --> 1 {"metadata":{"emulator":{"name":"functions"},"message":"[worker-pool] Cleaned up workers for ~diagnostic~: 2 --> 1"}}
[debug] [2022-07-28T09:50:50.353Z] [worker-pool] addWorker(~diagnostic~) {"metadata":{"emulator":{"name":"functions"},"message":"[worker-pool] addWorker(~diagnostic~)"}}
[debug] [2022-07-28T09:50:50.354Z] [worker-pool] Adding worker with key ~diagnostic~, total=2 {"metadata":{"emulator":{"name":"functions"},"message":"[worker-pool] Adding worker with key ~diagnostic~, total=2"}}
[debug] [2022-07-28T09:50:50.354Z] [worker-pool] submitWork(triggerId=) {"metadata":{"emulator":{"name":"functions"},"message":"[worker-pool] submitWork(triggerId=)"}}
[debug] [2022-07-28T09:50:50.354Z] [worker-~diagnostic~-43afabe6-1eaa-4cc3-b295-5c42e5a9847c]: Assigning socketPath: /var/folders/vq/mcsn3m_1139d9p05f8_cdbv40000gp/T/fire_emu_30735.sock {"metadata":{"emulator":{"name":"functions"},"message":"[worker-~diagnostic~-43afabe6-1eaa-4cc3-b295-5c42e5a9847c]: Assigning socketPath: /var/folders/vq/mcsn3m_1139d9p05f8_cdbv40000gp/T/fire_emu_30735.sock"}}
[debug] [2022-07-28T09:50:50.354Z] [worker-~diagnostic~-43afabe6-1eaa-4cc3-b295-5c42e5a9847c]: BUSY {"metadata":{"emulator":{"name":"functions"},"message":"[worker-~diagnostic~-43afabe6-1eaa-4cc3-b295-5c42e5a9847c]: BUSY"}}
[debug] [2022-07-28T09:50:50.355Z] [worker-~diagnostic~-43516174-6163-456a-8ea5-fe161e56006b]: exited {"metadata":{"emulator":{"name":"functions"},"message":"[worker-~diagnostic~-43516174-6163-456a-8ea5-fe161e56006b]: exited"}}
[debug] [2022-07-28T09:50:50.355Z] [worker-~diagnostic~-43516174-6163-456a-8ea5-fe161e56006b]: FINISHED {"metadata":{"emulator":{"name":"functions"},"message":"[worker-~diagnostic~-43516174-6163-456a-8ea5-fe161e56006b]: FINISHED"}}
[debug] [2022-07-28T09:50:50.571Z] [runtime-status] [30735] Functions runtime initialized. {"cwd":"/Users/ooiboonyew/Documents/personal/rsvp/rsvp-p18/rsvp-p18-main/functions","node_version":"16.13.0"} {"metadata":{"emulator":{"name":"functions"},"message":"[runtime-status] [30735] Functions runtime initialized. {\"cwd\":\"/Users/ooiboonyew/Documents/personal/rsvp/rsvp-p18/rsvp-p18-main/functions\",\"node_version\":\"16.13.0\"}"}}
[debug] [2022-07-28T09:50:50.572Z] [runtime-status] [30735] Disabled runtime features: undefined {"metadata":{"emulator":{"name":"functions"},"message":"[runtime-status] [30735] Disabled runtime features: undefined"}}
[debug] [2022-07-28T09:50:50.576Z] [runtime-status] [30735] Resolved module firebase-admin {"declared":true,"installed":true,"version":"9.12.0","resolution":"/Users/ooiboonyew/Documents/personal/rsvp/rsvp-p18/rsvp-p18-main/functions/node_modules/firebase-admin/lib/index.js"} {"metadata":{"emulator":{"name":"functions"},"message":"[runtime-status] [30735] Resolved module firebase-admin {\"declared\":true,\"installed\":true,\"version\":\"9.12.0\",\"resolution\":\"/Users/ooiboonyew/Documents/personal/rsvp/rsvp-p18/rsvp-p18-main/functions/node_modules/firebase-admin/lib/index.js\"}"}}
[debug] [2022-07-28T09:50:50.580Z] [runtime-status] [30735] Resolved module firebase-functions {"declared":true,"installed":true,"version":"3.20.1","resolution":"/Users/ooiboonyew/Documents/personal/rsvp/rsvp-p18/rsvp-p18-main/functions/node_modules/firebase-functions/lib/index.js"} {"metadata":{"emulator":{"name":"functions"},"message":"[runtime-status] [30735] Resolved module firebase-functions {\"declared\":true,\"installed\":true,\"version\":\"3.20.1\",\"resolution\":\"/Users/ooiboonyew/Documents/personal/rsvp/rsvp-p18/rsvp-p18-main/functions/node_modules/firebase-functions/lib/index.js\"}"}}
[debug] [2022-07-28T09:50:50.582Z] [runtime-status] [30735] Outgoing network have been stubbed. [{"name":"http","status":"mocked"},{"name":"http","status":"mocked"},{"name":"https","status":"mocked"},{"name":"https","status":"mocked"},{"name":"net","status":"mocked"}] {"metadata":{"emulator":{"name":"functions"},"message":"[runtime-status] [30735] Outgoing network have been stubbed. [{\"name\":\"http\",\"status\":\"mocked\"},{\"name\":\"http\",\"status\":\"mocked\"},{\"name\":\"https\",\"status\":\"mocked\"},{\"name\":\"https\",\"status\":\"mocked\"},{\"name\":\"net\",\"status\":\"mocked\"}]"}}
[debug] [2022-07-28T09:50:50.583Z] [runtime-status] [30735] Resolved module firebase-functions {"declared":true,"installed":true,"version":"3.20.1","resolution":"/Users/ooiboonyew/Documents/personal/rsvp/rsvp-p18/rsvp-p18-main/functions/node_modules/firebase-functions/lib/index.js"} {"metadata":{"emulator":{"name":"functions"},"message":"[runtime-status] [30735] Resolved module firebase-functions {\"declared\":true,\"installed\":true,\"version\":\"3.20.1\",\"resolution\":\"/Users/ooiboonyew/Documents/personal/rsvp/rsvp-p18/rsvp-p18-main/functions/node_modules/firebase-functions/lib/index.js\"}"}}
[debug] [2022-07-28T09:50:50.731Z] [runtime-status] [30735] Checked functions.config() {"config":{}} {"metadata":{"emulator":{"name":"functions"},"message":"[runtime-status] [30735] Checked functions.config() {\"config\":{}}"}}
[debug] [2022-07-28T09:50:50.731Z] [runtime-status] [30735] firebase-functions has been stubbed. {"functionsResolution":{"declared":true,"installed":true,"version":"3.20.1","resolution":"/Users/ooiboonyew/Documents/personal/rsvp/rsvp-p18/rsvp-p18-main/functions/node_modules/firebase-functions/lib/index.js"}} {"metadata":{"emulator":{"name":"functions"},"message":"[runtime-status] [30735] firebase-functions has been stubbed. {\"functionsResolution\":{\"declared\":true,\"installed\":true,\"version\":\"3.20.1\",\"resolution\":\"/Users/ooiboonyew/Documents/personal/rsvp/rsvp-p18/rsvp-p18-main/functions/node_modules/firebase-functions/lib/index.js\"}}"}}
[debug] [2022-07-28T09:50:50.732Z] [runtime-status] [30735] Resolved module firebase-functions {"declared":true,"installed":true,"version":"3.20.1","resolution":"/Users/ooiboonyew/Documents/personal/rsvp/rsvp-p18/rsvp-p18-main/functions/node_modules/firebase-functions/lib/index.js"} {"metadata":{"emulator":{"name":"functions"},"message":"[runtime-status] [30735] Resolved module firebase-functions {\"declared\":true,\"installed\":true,\"version\":\"3.20.1\",\"resolution\":\"/Users/ooiboonyew/Documents/personal/rsvp/rsvp-p18/rsvp-p18-main/functions/node_modules/firebase-functions/lib/index.js\"}"}}
[debug] [2022-07-28T09:50:50.733Z] [runtime-status] [30735] Resolved module firebase-admin {"declared":true,"installed":true,"version":"9.12.0","resolution":"/Users/ooiboonyew/Documents/personal/rsvp/rsvp-p18/rsvp-p18-main/functions/node_modules/firebase-admin/lib/index.js"} {"metadata":{"emulator":{"name":"functions"},"message":"[runtime-status] [30735] Resolved module firebase-admin {\"declared\":true,\"installed\":true,\"version\":\"9.12.0\",\"resolution\":\"/Users/ooiboonyew/Documents/personal/rsvp/rsvp-p18/rsvp-p18-main/functions/node_modules/firebase-admin/lib/index.js\"}"}}
[debug] [2022-07-28T09:50:50.733Z] [runtime-status] [30735] Resolved module firebase-functions {"declared":true,"installed":true,"version":"3.20.1","resolution":"/Users/ooiboonyew/Documents/personal/rsvp/rsvp-p18/rsvp-p18-main/functions/node_modules/firebase-functions/lib/index.js"} {"metadata":{"emulator":{"name":"functions"},"message":"[runtime-status] [30735] Resolved module firebase-functions {\"declared\":true,\"installed\":true,\"version\":\"3.20.1\",\"resolution\":\"/Users/ooiboonyew/Documents/personal/rsvp/rsvp-p18/rsvp-p18-main/functions/node_modules/firebase-functions/lib/index.js\"}"}}
[debug] [2022-07-28T09:50:50.734Z] [runtime-status] [30735] firebase-admin has been stubbed. {"adminResolution":{"declared":true,"installed":true,"version":"9.12.0","resolution":"/Users/ooiboonyew/Documents/personal/rsvp/rsvp-p18/rsvp-p18-main/functions/node_modules/firebase-admin/lib/index.js"}} {"metadata":{"emulator":{"name":"functions"},"message":"[runtime-status] [30735] firebase-admin has been stubbed. {\"adminResolution\":{\"declared\":true,\"installed\":true,\"version\":\"9.12.0\",\"resolution\":\"/Users/ooiboonyew/Documents/personal/rsvp/rsvp-p18/rsvp-p18-main/functions/node_modules/firebase-admin/lib/index.js\"}}"}}
[debug] [2022-07-28T09:50:50.736Z] [runtime-status] [30735] initializeApp(DEFAULT) {"storageBucket":"moe-wps.appspot.com","projectId":"moe-wps"} {"metadata":{"emulator":{"name":"functions"},"message":"[runtime-status] [30735] initializeApp(DEFAULT) {\"storageBucket\":\"moe-wps.appspot.com\",\"projectId\":\"moe-wps\"}"}}
[debug] [2022-07-28T09:50:50.992Z] [worker-~diagnostic~-43afabe6-1eaa-4cc3-b295-5c42e5a9847c]: IDLE {"metadata":{"emulator":{"name":"functions"},"message":"[worker-~diagnostic~-43afabe6-1eaa-4cc3-b295-5c42e5a9847c]: IDLE"}}
[debug] [2022-07-28T09:50:52.213Z] Functions emulator received unknown request at path /sp-group-a1f00/asia-southeast1/rsvp
[debug] [2022-07-28T09:50:52.705Z] Functions emulator received unknown request at path /sp-group-a1f00/asia-southeast1/rsvp
[debug] [2022-07-28T09:51:02.518Z] File /Users/ooiboonyew/Documents/personal/rsvp/rsvp-p18/rsvp-p18-main/functions/api/rsvp.js changed, reloading triggers {"metadata":{"emulator":{"name":"functions"},"message":"File /Users/ooiboonyew/Documents/personal/rsvp/rsvp-p18/rsvp-p18-main/functions/api/rsvp.js changed, reloading triggers"}}
[debug] [2022-07-28T09:51:03.519Z] [worker-pool] Shutting down IDLE worker (~diagnostic~) {"metadata":{"emulator":{"name":"functions"},"message":"[worker-pool] Shutting down IDLE worker (~diagnostic~)"}}
[debug] [2022-07-28T09:51:03.520Z] [worker-~diagnostic~-43afabe6-1eaa-4cc3-b295-5c42e5a9847c]: FINISHING {"metadata":{"emulator":{"name":"functions"},"message":"[worker-~diagnostic~-43afabe6-1eaa-4cc3-b295-5c42e5a9847c]: FINISHING"}}
[debug] [2022-07-28T09:51:03.520Z] [worker-pool] Cleaned up workers for ~diagnostic~: 2 --> 1 {"metadata":{"emulator":{"name":"functions"},"message":"[worker-pool] Cleaned up workers for ~diagnostic~: 2 --> 1"}}
[debug] [2022-07-28T09:51:03.527Z] [worker-pool] addWorker(~diagnostic~) {"metadata":{"emulator":{"name":"functions"},"message":"[worker-pool] addWorker(~diagnostic~)"}}
[debug] [2022-07-28T09:51:03.528Z] [worker-pool] Adding worker with key ~diagnostic~, total=2 {"metadata":{"emulator":{"name":"functions"},"message":"[worker-pool] Adding worker with key ~diagnostic~, total=2"}}
[debug] [2022-07-28T09:51:03.528Z] [worker-pool] submitWork(triggerId=) {"metadata":{"emulator":{"name":"functions"},"message":"[worker-pool] submitWork(triggerId=)"}}
[debug] [2022-07-28T09:51:03.528Z] [worker-~diagnostic~-ab1b629b-e769-4fa9-97cc-56463e771f7c]: Assigning socketPath: /var/folders/vq/mcsn3m_1139d9p05f8_cdbv40000gp/T/fire_emu_30741.sock {"metadata":{"emulator":{"name":"functions"},"message":"[worker-~diagnostic~-ab1b629b-e769-4fa9-97cc-56463e771f7c]: Assigning socketPath: /var/folders/vq/mcsn3m_1139d9p05f8_cdbv40000gp/T/fire_emu_30741.sock"}}
[debug] [2022-07-28T09:51:03.528Z] [worker-~diagnostic~-ab1b629b-e769-4fa9-97cc-56463e771f7c]: BUSY {"metadata":{"emulator":{"name":"functions"},"message":"[worker-~diagnostic~-ab1b629b-e769-4fa9-97cc-56463e771f7c]: BUSY"}}
[debug] [2022-07-28T09:51:03.530Z] [worker-~diagnostic~-43afabe6-1eaa-4cc3-b295-5c42e5a9847c]: exited {"metadata":{"emulator":{"name":"functions"},"message":"[worker-~diagnostic~-43afabe6-1eaa-4cc3-b295-5c42e5a9847c]: exited"}}
[debug] [2022-07-28T09:51:03.530Z] [worker-~diagnostic~-43afabe6-1eaa-4cc3-b295-5c42e5a9847c]: FINISHED {"metadata":{"emulator":{"name":"functions"},"message":"[worker-~diagnostic~-43afabe6-1eaa-4cc3-b295-5c42e5a9847c]: FINISHED"}}
[debug] [2022-07-28T09:51:03.700Z] [runtime-status] [30741] Functions runtime initialized. {"cwd":"/Users/ooiboonyew/Documents/personal/rsvp/rsvp-p18/rsvp-p18-main/functions","node_version":"16.13.0"} {"metadata":{"emulator":{"name":"functions"},"message":"[runtime-status] [30741] Functions runtime initialized. {\"cwd\":\"/Users/ooiboonyew/Documents/personal/rsvp/rsvp-p18/rsvp-p18-main/functions\",\"node_version\":\"16.13.0\"}"}}
[debug] [2022-07-28T09:51:03.702Z] [runtime-status] [30741] Disabled runtime features: undefined {"metadata":{"emulator":{"name":"functions"},"message":"[runtime-status] [30741] Disabled runtime features: undefined"}}
[debug] [2022-07-28T09:51:03.704Z] [runtime-status] [30741] Resolved module firebase-admin {"declared":true,"installed":true,"version":"9.12.0","resolution":"/Users/ooiboonyew/Documents/personal/rsvp/rsvp-p18/rsvp-p18-main/functions/node_modules/firebase-admin/lib/index.js"} {"metadata":{"emulator":{"name":"functions"},"message":"[runtime-status] [30741] Resolved module firebase-admin {\"declared\":true,\"installed\":true,\"version\":\"9.12.0\",\"resolution\":\"/Users/ooiboonyew/Documents/personal/rsvp/rsvp-p18/rsvp-p18-main/functions/node_modules/firebase-admin/lib/index.js\"}"}}
[debug] [2022-07-28T09:51:03.708Z] [runtime-status] [30741] Resolved module firebase-functions {"declared":true,"installed":true,"version":"3.20.1","resolution":"/Users/ooiboonyew/Documents/personal/rsvp/rsvp-p18/rsvp-p18-main/functions/node_modules/firebase-functions/lib/index.js"} {"metadata":{"emulator":{"name":"functions"},"message":"[runtime-status] [30741] Resolved module firebase-functions {\"declared\":true,\"installed\":true,\"version\":\"3.20.1\",\"resolution\":\"/Users/ooiboonyew/Documents/personal/rsvp/rsvp-p18/rsvp-p18-main/functions/node_modules/firebase-functions/lib/index.js\"}"}}
[debug] [2022-07-28T09:51:03.710Z] [runtime-status] [30741] Outgoing network have been stubbed. [{"name":"http","status":"mocked"},{"name":"http","status":"mocked"},{"name":"https","status":"mocked"},{"name":"https","status":"mocked"},{"name":"net","status":"mocked"}] {"metadata":{"emulator":{"name":"functions"},"message":"[runtime-status] [30741] Outgoing network have been stubbed. [{\"name\":\"http\",\"status\":\"mocked\"},{\"name\":\"http\",\"status\":\"mocked\"},{\"name\":\"https\",\"status\":\"mocked\"},{\"name\":\"https\",\"status\":\"mocked\"},{\"name\":\"net\",\"status\":\"mocked\"}]"}}
[debug] [2022-07-28T09:51:03.711Z] [runtime-status] [30741] Resolved module firebase-functions {"declared":true,"installed":true,"version":"3.20.1","resolution":"/Users/ooiboonyew/Documents/personal/rsvp/rsvp-p18/rsvp-p18-main/functions/node_modules/firebase-functions/lib/index.js"} {"metadata":{"emulator":{"name":"functions"},"message":"[runtime-status] [30741] Resolved module firebase-functions {\"declared\":true,\"installed\":true,\"version\":\"3.20.1\",\"resolution\":\"/Users/ooiboonyew/Documents/personal/rsvp/rsvp-p18/rsvp-p18-main/functions/node_modules/firebase-functions/lib/index.js\"}"}}
[debug] [2022-07-28T09:51:03.794Z] [runtime-status] [30741] Checked functions.config() {"config":{}} {"metadata":{"emulator":{"name":"functions"},"message":"[runtime-status] [30741] Checked functions.config() {\"config\":{}}"}}
[debug] [2022-07-28T09:51:03.794Z] [runtime-status] [30741] firebase-functions has been stubbed. {"functionsResolution":{"declared":true,"installed":true,"version":"3.20.1","resolution":"/Users/ooiboonyew/Documents/personal/rsvp/rsvp-p18/rsvp-p18-main/functions/node_modules/firebase-functions/lib/index.js"}} {"metadata":{"emulator":{"name":"functions"},"message":"[runtime-status] [30741] firebase-functions has been stubbed. {\"functionsResolution\":{\"declared\":true,\"installed\":true,\"version\":\"3.20.1\",\"resolution\":\"/Users/ooiboonyew/Documents/personal/rsvp/rsvp-p18/rsvp-p18-main/functions/node_modules/firebase-functions/lib/index.js\"}}"}}
[debug] [2022-07-28T09:51:03.795Z] [runtime-status] [30741] Resolved module firebase-functions {"declared":true,"installed":true,"version":"3.20.1","resolution":"/Users/ooiboonyew/Documents/personal/rsvp/rsvp-p18/rsvp-p18-main/functions/node_modules/firebase-functions/lib/index.js"} {"metadata":{"emulator":{"name":"functions"},"message":"[runtime-status] [30741] Resolved module firebase-functions {\"declared\":true,\"installed\":true,\"version\":\"3.20.1\",\"resolution\":\"/Users/ooiboonyew/Documents/personal/rsvp/rsvp-p18/rsvp-p18-main/functions/node_modules/firebase-functions/lib/index.js\"}"}}
[debug] [2022-07-28T09:51:03.796Z] [runtime-status] [30741] Resolved module firebase-admin {"declared":true,"installed":true,"version":"9.12.0","resolution":"/Users/ooiboonyew/Documents/personal/rsvp/rsvp-p18/rsvp-p18-main/functions/node_modules/firebase-admin/lib/index.js"} {"metadata":{"emulator":{"name":"functions"},"message":"[runtime-status] [30741] Resolved module firebase-admin {\"declared\":true,\"installed\":true,\"version\":\"9.12.0\",\"resolution\":\"/Users/ooiboonyew/Documents/personal/rsvp/rsvp-p18/rsvp-p18-main/functions/node_modules/firebase-admin/lib/index.js\"}"}}
[debug] [2022-07-28T09:51:03.797Z] [runtime-status] [30741] Resolved module firebase-functions {"declared":true,"installed":true,"version":"3.20.1","resolution":"/Users/ooiboonyew/Documents/personal/rsvp/rsvp-p18/rsvp-p18-main/functions/node_modules/firebase-functions/lib/index.js"} {"metadata":{"emulator":{"name":"functions"},"message":"[runtime-status] [30741] Resolved module firebase-functions {\"declared\":true,\"installed\":true,\"version\":\"3.20.1\",\"resolution\":\"/Users/ooiboonyew/Documents/personal/rsvp/rsvp-p18/rsvp-p18-main/functions/node_modules/firebase-functions/lib/index.js\"}"}}
[debug] [2022-07-28T09:51:03.797Z] [runtime-status] [30741] firebase-admin has been stubbed. {"adminResolution":{"declared":true,"installed":true,"version":"9.12.0","resolution":"/Users/ooiboonyew/Documents/personal/rsvp/rsvp-p18/rsvp-p18-main/functions/node_modules/firebase-admin/lib/index.js"}} {"metadata":{"emulator":{"name":"functions"},"message":"[runtime-status] [30741] firebase-admin has been stubbed. {\"adminResolution\":{\"declared\":true,\"installed\":true,\"version\":\"9.12.0\",\"resolution\":\"/Users/ooiboonyew/Documents/personal/rsvp/rsvp-p18/rsvp-p18-main/functions/node_modules/firebase-admin/lib/index.js\"}}"}}
[debug] [2022-07-28T09:51:03.799Z] [runtime-status] [30741] initializeApp(DEFAULT) {"storageBucket":"moe-wps.appspot.com","projectId":"moe-wps"} {"metadata":{"emulator":{"name":"functions"},"message":"[runtime-status] [30741] initializeApp(DEFAULT) {\"storageBucket\":\"moe-wps.appspot.com\",\"projectId\":\"moe-wps\"}"}}
[debug] [2022-07-28T09:51:03.819Z] Functions emulator received unknown request at path /sp-group-a1f00/asia-southeast1/rsvp
[debug] [2022-07-28T09:51:04.037Z] [worker-~diagnostic~-ab1b629b-e769-4fa9-97cc-56463e771f7c]: IDLE {"metadata":{"emulator":{"name":"functions"},"message":"[worker-~diagnostic~-ab1b629b-e769-4fa9-97cc-56463e771f7c]: IDLE"}}
[debug] [2022-07-28T09:51:05.868Z] Functions emulator received unknown request at path /sp-group-a1f00/asia-southeast1/rsvp
[debug] [2022-07-28T09:51:28.701Z] [work-queue] {"queueLength":1,"workRunningCount":0}
[debug] [2022-07-28T09:51:28.702Z] [work-queue] {"queueLength":0,"workRunningCount":1}
[debug] [2022-07-28T09:51:28.702Z] Accepted request GET /moe-wps/asia-southeast1/rsvp --> asia-southeast1-rsvp
[debug] [2022-07-28T09:51:28.703Z] [worker-pool] Cleaned up workers for ~diagnostic~: 2 --> 1 {"metadata":{"emulator":{"name":"functions"},"message":"[worker-pool] Cleaned up workers for ~diagnostic~: 2 --> 1"}}
[debug] [2022-07-28T09:51:28.709Z] [worker-pool] addWorker(asia-southeast1-rsvp) {"metadata":{"emulator":{"name":"functions"},"message":"[worker-pool] addWorker(asia-southeast1-rsvp)"}}
[debug] [2022-07-28T09:51:28.710Z] [worker-pool] Adding worker with key asia-southeast1-rsvp, total=1 {"metadata":{"emulator":{"name":"functions"},"message":"[worker-pool] Adding worker with key asia-southeast1-rsvp, total=1"}}
[debug] [2022-07-28T09:51:28.710Z] [worker-pool] submitWork(triggerId=asia-southeast1-rsvp) {"metadata":{"emulator":{"name":"functions"},"message":"[worker-pool] submitWork(triggerId=asia-southeast1-rsvp)"}}
[debug] [2022-07-28T09:51:28.710Z] [worker-asia-southeast1-rsvp-009219c4-3f7f-4447-9f0c-d6b958761e87]: Assigning socketPath: /var/folders/vq/mcsn3m_1139d9p05f8_cdbv40000gp/T/fire_emu_30798.sock {"metadata":{"emulator":{"name":"functions"},"message":"[worker-asia-southeast1-rsvp-009219c4-3f7f-4447-9f0c-d6b958761e87]: Assigning socketPath: /var/folders/vq/mcsn3m_1139d9p05f8_cdbv40000gp/T/fire_emu_30798.sock"}}
[debug] [2022-07-28T09:51:28.711Z] [worker-asia-southeast1-rsvp-009219c4-3f7f-4447-9f0c-d6b958761e87]: BUSY {"metadata":{"emulator":{"name":"functions"},"message":"[worker-asia-southeast1-rsvp-009219c4-3f7f-4447-9f0c-d6b958761e87]: BUSY"}}
[debug] [2022-07-28T09:51:28.922Z] [runtime-status] [30798] Functions runtime initialized. {"cwd":"/Users/ooiboonyew/Documents/personal/rsvp/rsvp-p18/rsvp-p18-main/functions","node_version":"16.13.0"} {"metadata":{"emulator":{"name":"functions"},"function":{"name":"asia-southeast1-rsvp"},"message":"[runtime-status] [30798] Functions runtime initialized. {\"cwd\":\"/Users/ooiboonyew/Documents/personal/rsvp/rsvp-p18/rsvp-p18-main/functions\",\"node_version\":\"16.13.0\"}"}}
[debug] [2022-07-28T09:51:28.923Z] [runtime-status] [30798] Disabled runtime features: undefined {"metadata":{"emulator":{"name":"functions"},"function":{"name":"asia-southeast1-rsvp"},"message":"[runtime-status] [30798] Disabled runtime features: undefined"}}
[debug] [2022-07-28T09:51:28.926Z] [runtime-status] [30798] Resolved module firebase-admin {"declared":true,"installed":true,"version":"9.12.0","resolution":"/Users/ooiboonyew/Documents/personal/rsvp/rsvp-p18/rsvp-p18-main/functions/node_modules/firebase-admin/lib/index.js"} {"metadata":{"emulator":{"name":"functions"},"function":{"name":"asia-southeast1-rsvp"},"message":"[runtime-status] [30798] Resolved module firebase-admin {\"declared\":true,\"installed\":true,\"version\":\"9.12.0\",\"resolution\":\"/Users/ooiboonyew/Documents/personal/rsvp/rsvp-p18/rsvp-p18-main/functions/node_modules/firebase-admin/lib/index.js\"}"}}
[debug] [2022-07-28T09:51:28.930Z] [runtime-status] [30798] Resolved module firebase-functions {"declared":true,"installed":true,"version":"3.20.1","resolution":"/Users/ooiboonyew/Documents/personal/rsvp/rsvp-p18/rsvp-p18-main/functions/node_modules/firebase-functions/lib/index.js"} {"metadata":{"emulator":{"name":"functions"},"function":{"name":"asia-southeast1-rsvp"},"message":"[runtime-status] [30798] Resolved module firebase-functions {\"declared\":true,\"installed\":true,\"version\":\"3.20.1\",\"resolution\":\"/Users/ooiboonyew/Documents/personal/rsvp/rsvp-p18/rsvp-p18-main/functions/node_modules/firebase-functions/lib/index.js\"}"}}
[debug] [2022-07-28T09:51:28.932Z] [runtime-status] [30798] Outgoing network have been stubbed. [{"name":"http","status":"mocked"},{"name":"http","status":"mocked"},{"name":"https","status":"mocked"},{"name":"https","status":"mocked"},{"name":"net","status":"mocked"}] {"metadata":{"emulator":{"name":"functions"},"function":{"name":"asia-southeast1-rsvp"},"message":"[runtime-status] [30798] Outgoing network have been stubbed. [{\"name\":\"http\",\"status\":\"mocked\"},{\"name\":\"http\",\"status\":\"mocked\"},{\"name\":\"https\",\"status\":\"mocked\"},{\"name\":\"https\",\"status\":\"mocked\"},{\"name\":\"net\",\"status\":\"mocked\"}]"}}
[debug] [2022-07-28T09:51:28.933Z] [runtime-status] [30798] Resolved module firebase-functions {"declared":true,"installed":true,"version":"3.20.1","resolution":"/Users/ooiboonyew/Documents/personal/rsvp/rsvp-p18/rsvp-p18-main/functions/node_modules/firebase-functions/lib/index.js"} {"metadata":{"emulator":{"name":"functions"},"function":{"name":"asia-southeast1-rsvp"},"message":"[runtime-status] [30798] Resolved module firebase-functions {\"declared\":true,\"installed\":true,\"version\":\"3.20.1\",\"resolution\":\"/Users/ooiboonyew/Documents/personal/rsvp/rsvp-p18/rsvp-p18-main/functions/node_modules/firebase-functions/lib/index.js\"}"}}
[debug] [2022-07-28T09:51:29.055Z] [runtime-status] [30798] Checked functions.config() {"config":{}} {"metadata":{"emulator":{"name":"functions"},"function":{"name":"asia-southeast1-rsvp"},"message":"[runtime-status] [30798] Checked functions.config() {\"config\":{}}"}}
[debug] [2022-07-28T09:51:29.055Z] [runtime-status] [30798] firebase-functions has been stubbed. {"functionsResolution":{"declared":true,"installed":true,"version":"3.20.1","resolution":"/Users/ooiboonyew/Documents/personal/rsvp/rsvp-p18/rsvp-p18-main/functions/node_modules/firebase-functions/lib/index.js"}} {"metadata":{"emulator":{"name":"functions"},"function":{"name":"asia-southeast1-rsvp"},"message":"[runtime-status] [30798] firebase-functions has been stubbed. {\"functionsResolution\":{\"declared\":true,\"installed\":true,\"version\":\"3.20.1\",\"resolution\":\"/Users/ooiboonyew/Documents/personal/rsvp/rsvp-p18/rsvp-p18-main/functions/node_modules/firebase-functions/lib/index.js\"}}"}}
[debug] [2022-07-28T09:51:29.056Z] [runtime-status] [30798] Resolved module firebase-functions {"declared":true,"installed":true,"version":"3.20.1","resolution":"/Users/ooiboonyew/Documents/personal/rsvp/rsvp-p18/rsvp-p18-main/functions/node_modules/firebase-functions/lib/index.js"} {"metadata":{"emulator":{"name":"functions"},"function":{"name":"asia-southeast1-rsvp"},"message":"[runtime-status] [30798] Resolved module firebase-functions {\"declared\":true,\"installed\":true,\"version\":\"3.20.1\",\"resolution\":\"/Users/ooiboonyew/Documents/personal/rsvp/rsvp-p18/rsvp-p18-main/functions/node_modules/firebase-functions/lib/index.js\"}"}}
[debug] [2022-07-28T09:51:29.056Z] [runtime-status] [30798] Resolved module firebase-admin {"declared":true,"installed":true,"version":"9.12.0","resolution":"/Users/ooiboonyew/Documents/personal/rsvp/rsvp-p18/rsvp-p18-main/functions/node_modules/firebase-admin/lib/index.js"} {"metadata":{"emulator":{"name":"functions"},"function":{"name":"asia-southeast1-rsvp"},"message":"[runtime-status] [30798] Resolved module firebase-admin {\"declared\":true,\"installed\":true,\"version\":\"9.12.0\",\"resolution\":\"/Users/ooiboonyew/Documents/personal/rsvp/rsvp-p18/rsvp-p18-main/functions/node_modules/firebase-admin/lib/index.js\"}"}}
[debug] [2022-07-28T09:51:29.057Z] [runtime-status] [30798] Resolved module firebase-functions {"declared":true,"installed":true,"version":"3.20.1","resolution":"/Users/ooiboonyew/Documents/personal/rsvp/rsvp-p18/rsvp-p18-main/functions/node_modules/firebase-functions/lib/index.js"} {"metadata":{"emulator":{"name":"functions"},"function":{"name":"asia-southeast1-rsvp"},"message":"[runtime-status] [30798] Resolved module firebase-functions {\"declared\":true,\"installed\":true,\"version\":\"3.20.1\",\"resolution\":\"/Users/ooiboonyew/Documents/personal/rsvp/rsvp-p18/rsvp-p18-main/functions/node_modules/firebase-functions/lib/index.js\"}"}}
[debug] [2022-07-28T09:51:29.058Z] [runtime-status] [30798] firebase-admin has been stubbed. {"adminResolution":{"declared":true,"installed":true,"version":"9.12.0","resolution":"/Users/ooiboonyew/Documents/personal/rsvp/rsvp-p18/rsvp-p18-main/functions/node_modules/firebase-admin/lib/index.js"}} {"metadata":{"emulator":{"name":"functions"},"function":{"name":"asia-southeast1-rsvp"},"message":"[runtime-status] [30798] firebase-admin has been stubbed. {\"adminResolution\":{\"declared\":true,\"installed\":true,\"version\":\"9.12.0\",\"resolution\":\"/Users/ooiboonyew/Documents/personal/rsvp/rsvp-p18/rsvp-p18-main/functions/node_modules/firebase-admin/lib/index.js\"}}"}}
[debug] [2022-07-28T09:51:29.061Z] [runtime-status] [30798] initializeApp(DEFAULT) {"storageBucket":"moe-wps.appspot.com","projectId":"moe-wps"} {"metadata":{"emulator":{"name":"functions"},"function":{"name":"asia-southeast1-rsvp"},"message":"[runtime-status] [30798] initializeApp(DEFAULT) {\"storageBucket\":\"moe-wps.appspot.com\",\"projectId\":\"moe-wps\"}"}}
[debug] [2022-07-28T09:51:29.315Z] [runtime-status] [30798] Trigger "asia-southeast1-rsvp" has been found, beginning invocation! {"metadata":{"emulator":{"name":"functions"},"function":{"name":"asia-southeast1-rsvp"},"message":"[runtime-status] [30798] Trigger \"asia-southeast1-rsvp\" has been found, beginning invocation!"}}
[info] i  functions: Beginning execution of "asia-southeast1-rsvp" {"metadata":{"emulator":{"name":"functions"},"function":{"name":"asia-southeast1-rsvp"},"message":"Beginning execution of \"asia-southeast1-rsvp\""}}
[debug] [2022-07-28T09:51:29.316Z] [runtime-status] [30798] triggerDefinition {"regions":["asia-southeast1"],"httpsTrigger":{},"name":"rsvp","entryPoint":"rsvp","region":"asia-southeast1","id":"asia-southeast1-rsvp"} {"metadata":{"emulator":{"name":"functions"},"function":{"name":"asia-southeast1-rsvp"},"message":"[runtime-status] [30798] triggerDefinition {\"regions\":[\"asia-southeast1\"],\"httpsTrigger\":{},\"name\":\"rsvp\",\"entryPoint\":\"rsvp\",\"region\":\"asia-southeast1\",\"id\":\"asia-southeast1-rsvp\"}"}}
[debug] [2022-07-28T09:51:29.316Z] [runtime-status] [30798] Running asia-southeast1-rsvp in signature http {"metadata":{"emulator":{"name":"functions"},"function":{"name":"asia-southeast1-rsvp"},"message":"[runtime-status] [30798] Running asia-southeast1-rsvp in signature http"}}
[debug] [2022-07-28T09:51:29.318Z] [runtime-status] [30798] Attempting to listen to socketPath: /var/folders/vq/mcsn3m_1139d9p05f8_cdbv40000gp/T/fire_emu_30798.sock {"metadata":{"emulator":{"name":"functions"},"function":{"name":"asia-southeast1-rsvp"},"message":"[runtime-status] [30798] Attempting to listen to socketPath: /var/folders/vq/mcsn3m_1139d9p05f8_cdbv40000gp/T/fire_emu_30798.sock"}}
[debug] [2022-07-28T09:51:29.324Z] [functions] Runtime ready! Sending request! {"metadata":{"emulator":{"name":"functions"},"message":"[functions] Runtime ready! Sending request!"}}
[debug] [2022-07-28T09:51:29.325Z] [functions] Got req.url=/moe-wps/asia-southeast1/rsvp, mapping to path=/ {"metadata":{"emulator":{"name":"functions"},"message":"[functions] Got req.url=/moe-wps/asia-southeast1/rsvp, mapping to path=/"}}
[debug] [2022-07-28T09:51:29.330Z] [runtime-status] [30798] Ephemeral server handling GET request {"metadata":{"emulator":{"name":"functions"},"function":{"name":"asia-southeast1-rsvp"},"message":"[runtime-status] [30798] Ephemeral server handling GET request"}}
[debug] [2022-07-28T09:51:29.337Z] [runtime-status] [30798] Ephemeral server survived. {"metadata":{"emulator":{"name":"functions"},"function":{"name":"asia-southeast1-rsvp"},"message":"[runtime-status] [30798] Ephemeral server survived."}}
[info] i  functions: Finished "asia-southeast1-rsvp" in ~1s {"metadata":{"emulator":{"name":"functions"},"function":{"name":"asia-southeast1-rsvp"},"message":"Finished \"asia-southeast1-rsvp\" in ~1s"}}
[debug] [2022-07-28T09:51:29.338Z] [worker-asia-southeast1-rsvp-009219c4-3f7f-4447-9f0c-d6b958761e87]: IDLE {"metadata":{"emulator":{"name":"functions"},"message":"[worker-asia-southeast1-rsvp-009219c4-3f7f-4447-9f0c-d6b958761e87]: IDLE"}}
[debug] [2022-07-28T09:51:29.338Z] [work-queue] {"queueLength":0,"workRunningCount":0}
[debug] [2022-07-28T09:51:36.003Z] File /Users/ooiboonyew/Documents/personal/rsvp/rsvp-p18/rsvp-p18-main/functions/api/rsvp.js changed, reloading triggers {"metadata":{"emulator":{"name":"functions"},"message":"File /Users/ooiboonyew/Documents/personal/rsvp/rsvp-p18/rsvp-p18-main/functions/api/rsvp.js changed, reloading triggers"}}
[debug] [2022-07-28T09:51:37.005Z] [worker-pool] Shutting down IDLE worker (~diagnostic~) {"metadata":{"emulator":{"name":"functions"},"message":"[worker-pool] Shutting down IDLE worker (~diagnostic~)"}}
[debug] [2022-07-28T09:51:37.005Z] [worker-~diagnostic~-ab1b629b-e769-4fa9-97cc-56463e771f7c]: FINISHING {"metadata":{"emulator":{"name":"functions"},"message":"[worker-~diagnostic~-ab1b629b-e769-4fa9-97cc-56463e771f7c]: FINISHING"}}
[debug] [2022-07-28T09:51:37.005Z] [worker-pool] Shutting down IDLE worker (asia-southeast1-rsvp) {"metadata":{"emulator":{"name":"functions"},"message":"[worker-pool] Shutting down IDLE worker (asia-southeast1-rsvp)"}}
[debug] [2022-07-28T09:51:37.005Z] [worker-asia-southeast1-rsvp-009219c4-3f7f-4447-9f0c-d6b958761e87]: FINISHING {"metadata":{"emulator":{"name":"functions"},"message":"[worker-asia-southeast1-rsvp-009219c4-3f7f-4447-9f0c-d6b958761e87]: FINISHING"}}
[debug] [2022-07-28T09:51:37.016Z] [worker-pool] addWorker(~diagnostic~) {"metadata":{"emulator":{"name":"functions"},"message":"[worker-pool] addWorker(~diagnostic~)"}}
[debug] [2022-07-28T09:51:37.016Z] [worker-pool] Adding worker with key ~diagnostic~, total=2 {"metadata":{"emulator":{"name":"functions"},"message":"[worker-pool] Adding worker with key ~diagnostic~, total=2"}}
[debug] [2022-07-28T09:51:37.016Z] [worker-pool] submitWork(triggerId=) {"metadata":{"emulator":{"name":"functions"},"message":"[worker-pool] submitWork(triggerId=)"}}
[debug] [2022-07-28T09:51:37.016Z] [worker-~diagnostic~-628afe06-aef0-4178-97ea-1786d7139636]: Assigning socketPath: /var/folders/vq/mcsn3m_1139d9p05f8_cdbv40000gp/T/fire_emu_30811.sock {"metadata":{"emulator":{"name":"functions"},"message":"[worker-~diagnostic~-628afe06-aef0-4178-97ea-1786d7139636]: Assigning socketPath: /var/folders/vq/mcsn3m_1139d9p05f8_cdbv40000gp/T/fire_emu_30811.sock"}}
[debug] [2022-07-28T09:51:37.017Z] [worker-~diagnostic~-628afe06-aef0-4178-97ea-1786d7139636]: BUSY {"metadata":{"emulator":{"name":"functions"},"message":"[worker-~diagnostic~-628afe06-aef0-4178-97ea-1786d7139636]: BUSY"}}
[debug] [2022-07-28T09:51:37.018Z] [worker-~diagnostic~-ab1b629b-e769-4fa9-97cc-56463e771f7c]: exited {"metadata":{"emulator":{"name":"functions"},"message":"[worker-~diagnostic~-ab1b629b-e769-4fa9-97cc-56463e771f7c]: exited"}}
[debug] [2022-07-28T09:51:37.018Z] [worker-~diagnostic~-ab1b629b-e769-4fa9-97cc-56463e771f7c]: FINISHED {"metadata":{"emulator":{"name":"functions"},"message":"[worker-~diagnostic~-ab1b629b-e769-4fa9-97cc-56463e771f7c]: FINISHED"}}
[debug] [2022-07-28T09:51:37.018Z] [worker-asia-southeast1-rsvp-009219c4-3f7f-4447-9f0c-d6b958761e87]: exited {"metadata":{"emulator":{"name":"functions"},"message":"[worker-asia-southeast1-rsvp-009219c4-3f7f-4447-9f0c-d6b958761e87]: exited"}}
[debug] [2022-07-28T09:51:37.018Z] [worker-asia-southeast1-rsvp-009219c4-3f7f-4447-9f0c-d6b958761e87]: FINISHED {"metadata":{"emulator":{"name":"functions"},"message":"[worker-asia-southeast1-rsvp-009219c4-3f7f-4447-9f0c-d6b958761e87]: FINISHED"}}
[debug] [2022-07-28T09:51:37.155Z] [runtime-status] [30811] Functions runtime initialized. {"cwd":"/Users/ooiboonyew/Documents/personal/rsvp/rsvp-p18/rsvp-p18-main/functions","node_version":"16.13.0"} {"metadata":{"emulator":{"name":"functions"},"message":"[runtime-status] [30811] Functions runtime initialized. {\"cwd\":\"/Users/ooiboonyew/Documents/personal/rsvp/rsvp-p18/rsvp-p18-main/functions\",\"node_version\":\"16.13.0\"}"}}
[debug] [2022-07-28T09:51:37.156Z] [runtime-status] [30811] Disabled runtime features: undefined {"metadata":{"emulator":{"name":"functions"},"message":"[runtime-status] [30811] Disabled runtime features: undefined"}}
[debug] [2022-07-28T09:51:37.158Z] [runtime-status] [30811] Resolved module firebase-admin {"declared":true,"installed":true,"version":"9.12.0","resolution":"/Users/ooiboonyew/Documents/personal/rsvp/rsvp-p18/rsvp-p18-main/functions/node_modules/firebase-admin/lib/index.js"} {"metadata":{"emulator":{"name":"functions"},"message":"[runtime-status] [30811] Resolved module firebase-admin {\"declared\":true,\"installed\":true,\"version\":\"9.12.0\",\"resolution\":\"/Users/ooiboonyew/Documents/personal/rsvp/rsvp-p18/rsvp-p18-main/functions/node_modules/firebase-admin/lib/index.js\"}"}}
[debug] [2022-07-28T09:51:37.160Z] [runtime-status] [30811] Resolved module firebase-functions {"declared":true,"installed":true,"version":"3.20.1","resolution":"/Users/ooiboonyew/Documents/personal/rsvp/rsvp-p18/rsvp-p18-main/functions/node_modules/firebase-functions/lib/index.js"} {"metadata":{"emulator":{"name":"functions"},"message":"[runtime-status] [30811] Resolved module firebase-functions {\"declared\":true,\"installed\":true,\"version\":\"3.20.1\",\"resolution\":\"/Users/ooiboonyew/Documents/personal/rsvp/rsvp-p18/rsvp-p18-main/functions/node_modules/firebase-functions/lib/index.js\"}"}}
[debug] [2022-07-28T09:51:37.162Z] [runtime-status] [30811] Outgoing network have been stubbed. [{"name":"http","status":"mocked"},{"name":"http","status":"mocked"},{"name":"https","status":"mocked"},{"name":"https","status":"mocked"},{"name":"net","status":"mocked"}] {"metadata":{"emulator":{"name":"functions"},"message":"[runtime-status] [30811] Outgoing network have been stubbed. [{\"name\":\"http\",\"status\":\"mocked\"},{\"name\":\"http\",\"status\":\"mocked\"},{\"name\":\"https\",\"status\":\"mocked\"},{\"name\":\"https\",\"status\":\"mocked\"},{\"name\":\"net\",\"status\":\"mocked\"}]"}}
[debug] [2022-07-28T09:51:37.163Z] [runtime-status] [30811] Resolved module firebase-functions {"declared":true,"installed":true,"version":"3.20.1","resolution":"/Users/ooiboonyew/Documents/personal/rsvp/rsvp-p18/rsvp-p18-main/functions/node_modules/firebase-functions/lib/index.js"} {"metadata":{"emulator":{"name":"functions"},"message":"[runtime-status] [30811] Resolved module firebase-functions {\"declared\":true,\"installed\":true,\"version\":\"3.20.1\",\"resolution\":\"/Users/ooiboonyew/Documents/personal/rsvp/rsvp-p18/rsvp-p18-main/functions/node_modules/firebase-functions/lib/index.js\"}"}}
[debug] [2022-07-28T09:51:37.228Z] [runtime-status] [30811] Checked functions.config() {"config":{}} {"metadata":{"emulator":{"name":"functions"},"message":"[runtime-status] [30811] Checked functions.config() {\"config\":{}}"}}
[debug] [2022-07-28T09:51:37.230Z] [runtime-status] [30811] firebase-functions has been stubbed. {"functionsResolution":{"declared":true,"installed":true,"version":"3.20.1","resolution":"/Users/ooiboonyew/Documents/personal/rsvp/rsvp-p18/rsvp-p18-main/functions/node_modules/firebase-functions/lib/index.js"}} {"metadata":{"emulator":{"name":"functions"},"message":"[runtime-status] [30811] firebase-functions has been stubbed. {\"functionsResolution\":{\"declared\":true,\"installed\":true,\"version\":\"3.20.1\",\"resolution\":\"/Users/ooiboonyew/Documents/personal/rsvp/rsvp-p18/rsvp-p18-main/functions/node_modules/firebase-functions/lib/index.js\"}}"}}
[debug] [2022-07-28T09:51:37.230Z] [runtime-status] [30811] Resolved module firebase-functions {"declared":true,"installed":true,"version":"3.20.1","resolution":"/Users/ooiboonyew/Documents/personal/rsvp/rsvp-p18/rsvp-p18-main/functions/node_modules/firebase-functions/lib/index.js"} {"metadata":{"emulator":{"name":"functions"},"message":"[runtime-status] [30811] Resolved module firebase-functions {\"declared\":true,\"installed\":true,\"version\":\"3.20.1\",\"resolution\":\"/Users/ooiboonyew/Documents/personal/rsvp/rsvp-p18/rsvp-p18-main/functions/node_modules/firebase-functions/lib/index.js\"}"}}
[debug] [2022-07-28T09:51:37.230Z] [runtime-status] [30811] Resolved module firebase-admin {"declared":true,"installed":true,"version":"9.12.0","resolution":"/Users/ooiboonyew/Documents/personal/rsvp/rsvp-p18/rsvp-p18-main/functions/node_modules/firebase-admin/lib/index.js"} {"metadata":{"emulator":{"name":"functions"},"message":"[runtime-status] [30811] Resolved module firebase-admin {\"declared\":true,\"installed\":true,\"version\":\"9.12.0\",\"resolution\":\"/Users/ooiboonyew/Documents/personal/rsvp/rsvp-p18/rsvp-p18-main/functions/node_modules/firebase-admin/lib/index.js\"}"}}
[debug] [2022-07-28T09:51:37.230Z] [runtime-status] [30811] Resolved module firebase-functions {"declared":true,"installed":true,"version":"3.20.1","resolution":"/Users/ooiboonyew/Documents/personal/rsvp/rsvp-p18/rsvp-p18-main/functions/node_modules/firebase-functions/lib/index.js"} {"metadata":{"emulator":{"name":"functions"},"message":"[runtime-status] [30811] Resolved module firebase-functions {\"declared\":true,\"installed\":true,\"version\":\"3.20.1\",\"resolution\":\"/Users/ooiboonyew/Documents/personal/rsvp/rsvp-p18/rsvp-p18-main/functions/node_modules/firebase-functions/lib/index.js\"}"}}
[debug] [2022-07-28T09:51:37.230Z] [runtime-status] [30811] firebase-admin has been stubbed. {"adminResolution":{"declared":true,"installed":true,"version":"9.12.0","resolution":"/Users/ooiboonyew/Documents/personal/rsvp/rsvp-p18/rsvp-p18-main/functions/node_modules/firebase-admin/lib/index.js"}} {"metadata":{"emulator":{"name":"functions"},"message":"[runtime-status] [30811] firebase-admin has been stubbed. {\"adminResolution\":{\"declared\":true,\"installed\":true,\"version\":\"9.12.0\",\"resolution\":\"/Users/ooiboonyew/Documents/personal/rsvp/rsvp-p18/rsvp-p18-main/functions/node_modules/firebase-admin/lib/index.js\"}}"}}
[debug] [2022-07-28T09:51:37.231Z] [runtime-status] [30811] initializeApp(DEFAULT) {"storageBucket":"moe-wps.appspot.com","projectId":"moe-wps"} {"metadata":{"emulator":{"name":"functions"},"message":"[runtime-status] [30811] initializeApp(DEFAULT) {\"storageBucket\":\"moe-wps.appspot.com\",\"projectId\":\"moe-wps\"}"}}
[debug] [2022-07-28T09:51:37.349Z] [worker-~diagnostic~-628afe06-aef0-4178-97ea-1786d7139636]: IDLE {"metadata":{"emulator":{"name":"functions"},"message":"[worker-~diagnostic~-628afe06-aef0-4178-97ea-1786d7139636]: IDLE"}}
[debug] [2022-07-28T09:51:37.724Z] [work-queue] {"queueLength":1,"workRunningCount":0}
[debug] [2022-07-28T09:51:37.725Z] [work-queue] {"queueLength":0,"workRunningCount":1}
[debug] [2022-07-28T09:51:37.725Z] Accepted request GET /moe-wps/asia-southeast1/rsvp --> asia-southeast1-rsvp
[debug] [2022-07-28T09:51:37.725Z] [worker-pool] Cleaned up workers for ~diagnostic~: 2 --> 1 {"metadata":{"emulator":{"name":"functions"},"message":"[worker-pool] Cleaned up workers for ~diagnostic~: 2 --> 1"}}
[debug] [2022-07-28T09:51:37.725Z] [worker-pool] Cleaned up workers for asia-southeast1-rsvp: 1 --> 0 {"metadata":{"emulator":{"name":"functions"},"message":"[worker-pool] Cleaned up workers for asia-southeast1-rsvp: 1 --> 0"}}
[debug] [2022-07-28T09:51:37.731Z] [worker-pool] addWorker(asia-southeast1-rsvp) {"metadata":{"emulator":{"name":"functions"},"message":"[worker-pool] addWorker(asia-southeast1-rsvp)"}}
[debug] [2022-07-28T09:51:37.731Z] [worker-pool] Adding worker with key asia-southeast1-rsvp, total=1 {"metadata":{"emulator":{"name":"functions"},"message":"[worker-pool] Adding worker with key asia-southeast1-rsvp, total=1"}}
[debug] [2022-07-28T09:51:37.731Z] [worker-pool] submitWork(triggerId=asia-southeast1-rsvp) {"metadata":{"emulator":{"name":"functions"},"message":"[worker-pool] submitWork(triggerId=asia-southeast1-rsvp)"}}
[debug] [2022-07-28T09:51:37.732Z] [worker-asia-southeast1-rsvp-3bf6564f-2ee8-41f6-9d23-5af093385fc5]: Assigning socketPath: /var/folders/vq/mcsn3m_1139d9p05f8_cdbv40000gp/T/fire_emu_30812.sock {"metadata":{"emulator":{"name":"functions"},"message":"[worker-asia-southeast1-rsvp-3bf6564f-2ee8-41f6-9d23-5af093385fc5]: Assigning socketPath: /var/folders/vq/mcsn3m_1139d9p05f8_cdbv40000gp/T/fire_emu_30812.sock"}}
[debug] [2022-07-28T09:51:37.732Z] [worker-asia-southeast1-rsvp-3bf6564f-2ee8-41f6-9d23-5af093385fc5]: BUSY {"metadata":{"emulator":{"name":"functions"},"message":"[worker-asia-southeast1-rsvp-3bf6564f-2ee8-41f6-9d23-5af093385fc5]: BUSY"}}
[debug] [2022-07-28T09:51:37.881Z] [runtime-status] [30812] Functions runtime initialized. {"cwd":"/Users/ooiboonyew/Documents/personal/rsvp/rsvp-p18/rsvp-p18-main/functions","node_version":"16.13.0"} {"metadata":{"emulator":{"name":"functions"},"function":{"name":"asia-southeast1-rsvp"},"message":"[runtime-status] [30812] Functions runtime initialized. {\"cwd\":\"/Users/ooiboonyew/Documents/personal/rsvp/rsvp-p18/rsvp-p18-main/functions\",\"node_version\":\"16.13.0\"}"}}
[debug] [2022-07-28T09:51:37.882Z] [runtime-status] [30812] Disabled runtime features: undefined {"metadata":{"emulator":{"name":"functions"},"function":{"name":"asia-southeast1-rsvp"},"message":"[runtime-status] [30812] Disabled runtime features: undefined"}}
[debug] [2022-07-28T09:51:37.884Z] [runtime-status] [30812] Resolved module firebase-admin {"declared":true,"installed":true,"version":"9.12.0","resolution":"/Users/ooiboonyew/Documents/personal/rsvp/rsvp-p18/rsvp-p18-main/functions/node_modules/firebase-admin/lib/index.js"} {"metadata":{"emulator":{"name":"functions"},"function":{"name":"asia-southeast1-rsvp"},"message":"[runtime-status] [30812] Resolved module firebase-admin {\"declared\":true,\"installed\":true,\"version\":\"9.12.0\",\"resolution\":\"/Users/ooiboonyew/Documents/personal/rsvp/rsvp-p18/rsvp-p18-main/functions/node_modules/firebase-admin/lib/index.js\"}"}}
[debug] [2022-07-28T09:51:37.887Z] [runtime-status] [30812] Resolved module firebase-functions {"declared":true,"installed":true,"version":"3.20.1","resolution":"/Users/ooiboonyew/Documents/personal/rsvp/rsvp-p18/rsvp-p18-main/functions/node_modules/firebase-functions/lib/index.js"} {"metadata":{"emulator":{"name":"functions"},"function":{"name":"asia-southeast1-rsvp"},"message":"[runtime-status] [30812] Resolved module firebase-functions {\"declared\":true,\"installed\":true,\"version\":\"3.20.1\",\"resolution\":\"/Users/ooiboonyew/Documents/personal/rsvp/rsvp-p18/rsvp-p18-main/functions/node_modules/firebase-functions/lib/index.js\"}"}}
[debug] [2022-07-28T09:51:37.889Z] [runtime-status] [30812] Outgoing network have been stubbed. [{"name":"http","status":"mocked"},{"name":"http","status":"mocked"},{"name":"https","status":"mocked"},{"name":"https","status":"mocked"},{"name":"net","status":"mocked"}] {"metadata":{"emulator":{"name":"functions"},"function":{"name":"asia-southeast1-rsvp"},"message":"[runtime-status] [30812] Outgoing network have been stubbed. [{\"name\":\"http\",\"status\":\"mocked\"},{\"name\":\"http\",\"status\":\"mocked\"},{\"name\":\"https\",\"status\":\"mocked\"},{\"name\":\"https\",\"status\":\"mocked\"},{\"name\":\"net\",\"status\":\"mocked\"}]"}}
[debug] [2022-07-28T09:51:37.890Z] [runtime-status] [30812] Resolved module firebase-functions {"declared":true,"installed":true,"version":"3.20.1","resolution":"/Users/ooiboonyew/Documents/personal/rsvp/rsvp-p18/rsvp-p18-main/functions/node_modules/firebase-functions/lib/index.js"} {"metadata":{"emulator":{"name":"functions"},"function":{"name":"asia-southeast1-rsvp"},"message":"[runtime-status] [30812] Resolved module firebase-functions {\"declared\":true,\"installed\":true,\"version\":\"3.20.1\",\"resolution\":\"/Users/ooiboonyew/Documents/personal/rsvp/rsvp-p18/rsvp-p18-main/functions/node_modules/firebase-functions/lib/index.js\"}"}}
[debug] [2022-07-28T09:51:37.960Z] [runtime-status] [30812] Checked functions.config() {"config":{}} {"metadata":{"emulator":{"name":"functions"},"function":{"name":"asia-southeast1-rsvp"},"message":"[runtime-status] [30812] Checked functions.config() {\"config\":{}}"}}
[debug] [2022-07-28T09:51:37.960Z] [runtime-status] [30812] firebase-functions has been stubbed. {"functionsResolution":{"declared":true,"installed":true,"version":"3.20.1","resolution":"/Users/ooiboonyew/Documents/personal/rsvp/rsvp-p18/rsvp-p18-main/functions/node_modules/firebase-functions/lib/index.js"}} {"metadata":{"emulator":{"name":"functions"},"function":{"name":"asia-southeast1-rsvp"},"message":"[runtime-status] [30812] firebase-functions has been stubbed. {\"functionsResolution\":{\"declared\":true,\"installed\":true,\"version\":\"3.20.1\",\"resolution\":\"/Users/ooiboonyew/Documents/personal/rsvp/rsvp-p18/rsvp-p18-main/functions/node_modules/firebase-functions/lib/index.js\"}}"}}
[debug] [2022-07-28T09:51:37.961Z] [runtime-status] [30812] Resolved module firebase-functions {"declared":true,"installed":true,"version":"3.20.1","resolution":"/Users/ooiboonyew/Documents/personal/rsvp/rsvp-p18/rsvp-p18-main/functions/node_modules/firebase-functions/lib/index.js"} {"metadata":{"emulator":{"name":"functions"},"function":{"name":"asia-southeast1-rsvp"},"message":"[runtime-status] [30812] Resolved module firebase-functions {\"declared\":true,\"installed\":true,\"version\":\"3.20.1\",\"resolution\":\"/Users/ooiboonyew/Documents/personal/rsvp/rsvp-p18/rsvp-p18-main/functions/node_modules/firebase-functions/lib/index.js\"}"}}
[debug] [2022-07-28T09:51:37.962Z] [runtime-status] [30812] Resolved module firebase-admin {"declared":true,"installed":true,"version":"9.12.0","resolution":"/Users/ooiboonyew/Documents/personal/rsvp/rsvp-p18/rsvp-p18-main/functions/node_modules/firebase-admin/lib/index.js"} {"metadata":{"emulator":{"name":"functions"},"function":{"name":"asia-southeast1-rsvp"},"message":"[runtime-status] [30812] Resolved module firebase-admin {\"declared\":true,\"installed\":true,\"version\":\"9.12.0\",\"resolution\":\"/Users/ooiboonyew/Documents/personal/rsvp/rsvp-p18/rsvp-p18-main/functions/node_modules/firebase-admin/lib/index.js\"}"}}
[debug] [2022-07-28T09:51:37.963Z] [runtime-status] [30812] Resolved module firebase-functions {"declared":true,"installed":true,"version":"3.20.1","resolution":"/Users/ooiboonyew/Documents/personal/rsvp/rsvp-p18/rsvp-p18-main/functions/node_modules/firebase-functions/lib/index.js"} {"metadata":{"emulator":{"name":"functions"},"function":{"name":"asia-southeast1-rsvp"},"message":"[runtime-status] [30812] Resolved module firebase-functions {\"declared\":true,\"installed\":true,\"version\":\"3.20.1\",\"resolution\":\"/Users/ooiboonyew/Documents/personal/rsvp/rsvp-p18/rsvp-p18-main/functions/node_modules/firebase-functions/lib/index.js\"}"}}
[debug] [2022-07-28T09:51:37.963Z] [runtime-status] [30812] firebase-admin has been stubbed. {"adminResolution":{"declared":true,"installed":true,"version":"9.12.0","resolution":"/Users/ooiboonyew/Documents/personal/rsvp/rsvp-p18/rsvp-p18-main/functions/node_modules/firebase-admin/lib/index.js"}} {"metadata":{"emulator":{"name":"functions"},"function":{"name":"asia-southeast1-rsvp"},"message":"[runtime-status] [30812] firebase-admin has been stubbed. {\"adminResolution\":{\"declared\":true,\"installed\":true,\"version\":\"9.12.0\",\"resolution\":\"/Users/ooiboonyew/Documents/personal/rsvp/rsvp-p18/rsvp-p18-main/functions/node_modules/firebase-admin/lib/index.js\"}}"}}
[debug] [2022-07-28T09:51:37.964Z] [runtime-status] [30812] initializeApp(DEFAULT) {"storageBucket":"moe-wps.appspot.com","projectId":"moe-wps"} {"metadata":{"emulator":{"name":"functions"},"function":{"name":"asia-southeast1-rsvp"},"message":"[runtime-status] [30812] initializeApp(DEFAULT) {\"storageBucket\":\"moe-wps.appspot.com\",\"projectId\":\"moe-wps\"}"}}
[debug] [2022-07-28T09:51:38.108Z] [runtime-status] [30812] Trigger "asia-southeast1-rsvp" has been found, beginning invocation! {"metadata":{"emulator":{"name":"functions"},"function":{"name":"asia-southeast1-rsvp"},"message":"[runtime-status] [30812] Trigger \"asia-southeast1-rsvp\" has been found, beginning invocation!"}}
[info] i  functions: Beginning execution of "asia-southeast1-rsvp" {"metadata":{"emulator":{"name":"functions"},"function":{"name":"asia-southeast1-rsvp"},"message":"Beginning execution of \"asia-southeast1-rsvp\""}}
[debug] [2022-07-28T09:51:38.109Z] [runtime-status] [30812] triggerDefinition {"regions":["asia-southeast1"],"httpsTrigger":{},"name":"rsvp","entryPoint":"rsvp","region":"asia-southeast1","id":"asia-southeast1-rsvp"} {"metadata":{"emulator":{"name":"functions"},"function":{"name":"asia-southeast1-rsvp"},"message":"[runtime-status] [30812] triggerDefinition {\"regions\":[\"asia-southeast1\"],\"httpsTrigger\":{},\"name\":\"rsvp\",\"entryPoint\":\"rsvp\",\"region\":\"asia-southeast1\",\"id\":\"asia-southeast1-rsvp\"}"}}
[debug] [2022-07-28T09:51:38.109Z] [runtime-status] [30812] Running asia-southeast1-rsvp in signature http {"metadata":{"emulator":{"name":"functions"},"function":{"name":"asia-southeast1-rsvp"},"message":"[runtime-status] [30812] Running asia-southeast1-rsvp in signature http"}}
[debug] [2022-07-28T09:51:38.112Z] [runtime-status] [30812] Attempting to listen to socketPath: /var/folders/vq/mcsn3m_1139d9p05f8_cdbv40000gp/T/fire_emu_30812.sock {"metadata":{"emulator":{"name":"functions"},"function":{"name":"asia-southeast1-rsvp"},"message":"[runtime-status] [30812] Attempting to listen to socketPath: /var/folders/vq/mcsn3m_1139d9p05f8_cdbv40000gp/T/fire_emu_30812.sock"}}
[debug] [2022-07-28T09:51:38.117Z] [functions] Runtime ready! Sending request! {"metadata":{"emulator":{"name":"functions"},"message":"[functions] Runtime ready! Sending request!"}}
[debug] [2022-07-28T09:51:38.117Z] [functions] Got req.url=/moe-wps/asia-southeast1/rsvp, mapping to path=/ {"metadata":{"emulator":{"name":"functions"},"message":"[functions] Got req.url=/moe-wps/asia-southeast1/rsvp, mapping to path=/"}}
[debug] [2022-07-28T09:51:38.122Z] [runtime-status] [30812] Ephemeral server handling GET request {"metadata":{"emulator":{"name":"functions"},"function":{"name":"asia-southeast1-rsvp"},"message":"[runtime-status] [30812] Ephemeral server handling GET request"}}
[info] >  <div *ngIf="cluster == 'N1'"><input type="radio" value="Bowen Sec" formControlName="school" style="margin-right: 5px"/> Bowen Sec</div><div *ngIf="cluster == 'N1'"><input type="radio" value="CHIJ St Joseph's Convent" formControlName="school" style="margin-right: 5px"/> CHIJ St Joseph's Convent</div><div *ngIf="cluster == 'N1'"><input type="radio" value="Eunoia JC" formControlName="school" style="margin-right: 5px"/> Eunoia JC</div><div *ngIf="cluster == 'N1'"><input type="radio" value="North Vista Pr" formControlName="school" style="margin-right: 5px"/> North Vista Pr</div><div *ngIf="cluster == 'N1'"><input type="radio" value="North Vista Sec" formControlName="school" style="margin-right: 5px"/> North Vista Sec</div><div *ngIf="cluster == 'N1'"><input type="radio" value="Orchid Park Sec" formControlName="school" style="margin-right: 5px"/> Orchid Park Sec</div><div *ngIf="cluster == 'N1'"><input type="radio" value="Palm View Pr" formControlName="school" style="margin-right: 5px"/> Palm View Pr</div><div *ngIf="cluster == 'N1'"><input type="radio" value="Rivervale Pr" formControlName="school" style="margin-right: 5px"/> Rivervale Pr</div><div *ngIf="cluster == 'N1'"><input type="radio" value="Rosyth School" formControlName="school" style="margin-right: 5px"/> Rosyth School</div><div *ngIf="cluster == 'N1'"><input type="radio" value="Sembawang Sec" formControlName="school" style="margin-right: 5px"/> Sembawang Sec</div><div *ngIf="cluster == 'N1'"><input type="radio" value="Seng Kang Pr" formControlName="school" style="margin-right: 5px"/> Seng Kang Pr</div><div *ngIf="cluster == 'N1'"><input type="radio" value="Seng Kang Sec" formControlName="school" style="margin-right: 5px"/> Seng Kang Sec</div><div *ngIf="cluster == 'N1'"><input type="radio" value="Xinmin Pr" formControlName="school" style="margin-right: 5px"/> Xinmin Pr</div><div *ngIf="cluster == 'N1'"><input type="radio" value="Xinmin Sec" formControlName="school" style="margin-right: 5px"/> Xinmin Sec</div> {"user":"<div *ngIf=\"cluster == 'N1'\"><input type=\"radio\" value=\"Bowen Sec\" formControlName=\"school\" style=\"margin-right: 5px\"/> Bowen Sec</div><div *ngIf=\"cluster == 'N1'\"><input type=\"radio\" value=\"CHIJ St Joseph's Convent\" formControlName=\"school\" style=\"margin-right: 5px\"/> CHIJ St Joseph's Convent</div><div *ngIf=\"cluster == 'N1'\"><input type=\"radio\" value=\"Eunoia JC\" formControlName=\"school\" style=\"margin-right: 5px\"/> Eunoia JC</div><div *ngIf=\"cluster == 'N1'\"><input type=\"radio\" value=\"North Vista Pr\" formControlName=\"school\" style=\"margin-right: 5px\"/> North Vista Pr</div><div *ngIf=\"cluster == 'N1'\"><input type=\"radio\" value=\"North Vista Sec\" formControlName=\"school\" style=\"margin-right: 5px\"/> North Vista Sec</div><div *ngIf=\"cluster == 'N1'\"><input type=\"radio\" value=\"Orchid Park Sec\" formControlName=\"school\" style=\"margin-right: 5px\"/> Orchid Park Sec</div><div *ngIf=\"cluster == 'N1'\"><input type=\"radio\" value=\"Palm View Pr\" formControlName=\"school\" style=\"margin-right: 5px\"/> Palm View Pr</div><div *ngIf=\"cluster == 'N1'\"><input type=\"radio\" value=\"Rivervale Pr\" formControlName=\"school\" style=\"margin-right: 5px\"/> Rivervale Pr</div><div *ngIf=\"cluster == 'N1'\"><input type=\"radio\" value=\"Rosyth School\" formControlName=\"school\" style=\"margin-right: 5px\"/> Rosyth School</div><div *ngIf=\"cluster == 'N1'\"><input type=\"radio\" value=\"Sembawang Sec\" formControlName=\"school\" style=\"margin-right: 5px\"/> Sembawang Sec</div><div *ngIf=\"cluster == 'N1'\"><input type=\"radio\" value=\"Seng Kang Pr\" formControlName=\"school\" style=\"margin-right: 5px\"/> Seng Kang Pr</div><div *ngIf=\"cluster == 'N1'\"><input type=\"radio\" value=\"Seng Kang Sec\" formControlName=\"school\" style=\"margin-right: 5px\"/> Seng Kang Sec</div><div *ngIf=\"cluster == 'N1'\"><input type=\"radio\" value=\"Xinmin Pr\" formControlName=\"school\" style=\"margin-right: 5px\"/> Xinmin Pr</div><div *ngIf=\"cluster == 'N1'\"><input type=\"radio\" value=\"Xinmin Sec\" formControlName=\"school\" style=\"margin-right: 5px\"/> Xinmin Sec</div>","metadata":{"emulator":{"name":"functions"},"function":{"name":"asia-southeast1-rsvp"},"message":"\u001b[90m> \u001b[39m <div *ngIf=\"cluster == 'N1'\"><input type=\"radio\" value=\"Bowen Sec\" formControlName=\"school\" style=\"margin-right: 5px\"/> Bowen Sec</div><div *ngIf=\"cluster == 'N1'\"><input type=\"radio\" value=\"CHIJ St Joseph's Convent\" formControlName=\"school\" style=\"margin-right: 5px\"/> CHIJ St Joseph's Convent</div><div *ngIf=\"cluster == 'N1'\"><input type=\"radio\" value=\"Eunoia JC\" formControlName=\"school\" style=\"margin-right: 5px\"/> Eunoia JC</div><div *ngIf=\"cluster == 'N1'\"><input type=\"radio\" value=\"North Vista Pr\" formControlName=\"school\" style=\"margin-right: 5px\"/> North Vista Pr</div><div *ngIf=\"cluster == 'N1'\"><input type=\"radio\" value=\"North Vista Sec\" formControlName=\"school\" style=\"margin-right: 5px\"/> North Vista Sec</div><div *ngIf=\"cluster == 'N1'\"><input type=\"radio\" value=\"Orchid Park Sec\" formControlName=\"school\" style=\"margin-right: 5px\"/> Orchid Park Sec</div><div *ngIf=\"cluster == 'N1'\"><input type=\"radio\" value=\"Palm View Pr\" formControlName=\"school\" style=\"margin-right: 5px\"/> Palm View Pr</div><div *ngIf=\"cluster == 'N1'\"><input type=\"radio\" value=\"Rivervale Pr\" formControlName=\"school\" style=\"margin-right: 5px\"/> Rivervale Pr</div><div *ngIf=\"cluster == 'N1'\"><input type=\"radio\" value=\"Rosyth School\" formControlName=\"school\" style=\"margin-right: 5px\"/> Rosyth School</div><div *ngIf=\"cluster == 'N1'\"><input type=\"radio\" value=\"Sembawang Sec\" formControlName=\"school\" style=\"margin-right: 5px\"/> Sembawang Sec</div><div *ngIf=\"cluster == 'N1'\"><input type=\"radio\" value=\"Seng Kang Pr\" formControlName=\"school\" style=\"margin-right: 5px\"/> Seng Kang Pr</div><div *ngIf=\"cluster == 'N1'\"><input type=\"radio\" value=\"Seng Kang Sec\" formControlName=\"school\" style=\"margin-right: 5px\"/> Seng Kang Sec</div><div *ngIf=\"cluster == 'N1'\"><input type=\"radio\" value=\"Xinmin Pr\" formControlName=\"school\" style=\"margin-right: 5px\"/> Xinmin Pr</div><div *ngIf=\"cluster == 'N1'\"><input type=\"radio\" value=\"Xinmin Sec\" formControlName=\"school\" style=\"margin-right: 5px\"/> Xinmin Sec</div>"}}
[debug] [2022-07-28T09:51:38.131Z] [runtime-status] [30812] Ephemeral server survived. {"metadata":{"emulator":{"name":"functions"},"function":{"name":"asia-southeast1-rsvp"},"message":"[runtime-status] [30812] Ephemeral server survived."}}
[info] i  functions: Finished "asia-southeast1-rsvp" in ~1s {"metadata":{"emulator":{"name":"functions"},"function":{"name":"asia-southeast1-rsvp"},"message":"Finished \"asia-southeast1-rsvp\" in ~1s"}}
[debug] [2022-07-28T09:51:38.133Z] [worker-asia-southeast1-rsvp-3bf6564f-2ee8-41f6-9d23-5af093385fc5]: IDLE {"metadata":{"emulator":{"name":"functions"},"message":"[worker-asia-southeast1-rsvp-3bf6564f-2ee8-41f6-9d23-5af093385fc5]: IDLE"}}
[debug] [2022-07-28T09:51:38.133Z] [work-queue] {"queueLength":0,"workRunningCount":0}
