[debug] [2022-08-04T15:38:29.402Z] ----------------------------------------------------------------------
[debug] [2022-08-04T15:38:29.404Z] Command:       /usr/local/bin/node /usr/local/bin/firebase deploy
[debug] [2022-08-04T15:38:29.405Z] CLI Version:   9.23.0
[debug] [2022-08-04T15:38:29.405Z] Platform:      darwin
[debug] [2022-08-04T15:38:29.405Z] Node Version:  v16.13.0
[debug] [2022-08-04T15:38:29.406Z] Time:          Thu Aug 04 2022 23:38:29 GMT+0800 (Malaysia Time)
[debug] [2022-08-04T15:38:29.406Z] ----------------------------------------------------------------------
[debug] 
[debug] [2022-08-04T15:38:29.447Z] > command requires scopes: ["email","openid","https://www.googleapis.com/auth/cloudplatformprojects.readonly","https://www.googleapis.com/auth/firebase","https://www.googleapis.com/auth/cloud-platform"]
[debug] [2022-08-04T15:38:29.447Z] > authorizing via signed-in user (ooiboonyew91@hotmail.com)
[debug] [2022-08-04T15:38:29.447Z] [iam] checking project moe-wps for permissions ["cloudfunctions.functions.create","cloudfunctions.functions.delete","cloudfunctions.functions.get","cloudfunctions.functions.list","cloudfunctions.functions.update","cloudfunctions.operations.get","firebase.projects.get","firebasehosting.sites.update"]
[debug] [2022-08-04T15:38:29.449Z] > refreshing access token with scopes: ["email","https://www.googleapis.com/auth/cloud-platform","https://www.googleapis.com/auth/cloudplatformprojects.readonly","https://www.googleapis.com/auth/firebase","openid"]
[debug] [2022-08-04T15:38:29.449Z] >>> HTTP REQUEST POST https://www.googleapis.com/oauth2/v3/token  
 <request body omitted>
[debug] [2022-08-04T15:38:29.604Z] <<< HTTP RESPONSE 200 {"cache-control":"no-cache, no-store, max-age=0, must-revalidate","date":"Thu, 04 Aug 2022 15:38:29 GMT","pragma":"no-cache","expires":"Mon, 01 Jan 1990 00:00:00 GMT","content-type":"application/json; charset=utf-8","vary":"X-Origin, Referer, Origin,Accept-Encoding","server":"scaffolding on HTTPServer2","x-xss-protection":"0","x-frame-options":"SAMEORIGIN","x-content-type-options":"nosniff","alt-svc":"h3=\":443\"; ma=2592000,h3-29=\":443\"; ma=2592000,h3-Q050=\":443\"; ma=2592000,h3-Q046=\":443\"; ma=2592000,h3-Q043=\":443\"; ma=2592000,quic=\":443\"; ma=2592000; v=\"46,43\"","accept-ranges":"none","transfer-encoding":"chunked"}
[debug] [2022-08-04T15:38:29.630Z] >>> HTTP REQUEST POST https://cloudresourcemanager.googleapis.com/v1/projects/moe-wps:testIamPermissions  
 {"permissions":["cloudfunctions.functions.create","cloudfunctions.functions.delete","cloudfunctions.functions.get","cloudfunctions.functions.list","cloudfunctions.functions.update","cloudfunctions.operations.get","firebase.projects.get","firebasehosting.sites.update"]}
[debug] [2022-08-04T15:38:30.784Z] <<< HTTP RESPONSE 200 {"content-type":"application/json; charset=UTF-8","vary":"X-Origin, Referer, Origin,Accept-Encoding","date":"Thu, 04 Aug 2022 15:38:30 GMT","server":"ESF","cache-control":"private","x-xss-protection":"0","x-frame-options":"SAMEORIGIN","x-content-type-options":"nosniff","server-timing":"gfet4t7; dur=1084","alt-svc":"h3=\":443\"; ma=2592000,h3-29=\":443\"; ma=2592000,h3-Q050=\":443\"; ma=2592000,h3-Q046=\":443\"; ma=2592000,h3-Q043=\":443\"; ma=2592000,quic=\":443\"; ma=2592000; v=\"46,43\"","accept-ranges":"none","transfer-encoding":"chunked"}
[debug] [2022-08-04T15:38:30.785Z] >>> HTTP REQUEST POST https://iam.googleapis.com/v1/projects/moe-wps/serviceAccounts/moe-wps@appspot.gserviceaccount.com:testIamPermissions  
 {"permissions":["iam.serviceAccounts.actAs"]}
[debug] [2022-08-04T15:38:31.911Z] <<< HTTP RESPONSE 200 {"content-type":"application/json; charset=UTF-8","vary":"X-Origin, Referer, Origin,Accept-Encoding","date":"Thu, 04 Aug 2022 15:38:31 GMT","server":"ESF","cache-control":"private","x-xss-protection":"0","x-frame-options":"SAMEORIGIN","x-content-type-options":"nosniff","alt-svc":"h3=\":443\"; ma=2592000,h3-29=\":443\"; ma=2592000,h3-Q050=\":443\"; ma=2592000,h3-Q046=\":443\"; ma=2592000,h3-Q043=\":443\"; ma=2592000,quic=\":443\"; ma=2592000; v=\"46,43\"","accept-ranges":"none","transfer-encoding":"chunked"}
[debug] [2022-08-04T15:38:31.913Z] > refreshing access token with scopes: []
[debug] [2022-08-04T15:38:31.913Z] >>> HTTP REQUEST POST https://www.googleapis.com/oauth2/v3/token  
 <request body omitted>
[debug] [2022-08-04T15:38:31.981Z] <<< HTTP RESPONSE 200 {"cache-control":"no-cache, no-store, max-age=0, must-revalidate","date":"Thu, 04 Aug 2022 15:38:32 GMT","expires":"Mon, 01 Jan 1990 00:00:00 GMT","pragma":"no-cache","content-type":"application/json; charset=utf-8","vary":"X-Origin, Referer, Origin,Accept-Encoding","server":"scaffolding on HTTPServer2","x-xss-protection":"0","x-frame-options":"SAMEORIGIN","x-content-type-options":"nosniff","alt-svc":"h3=\":443\"; ma=2592000,h3-29=\":443\"; ma=2592000,h3-Q050=\":443\"; ma=2592000,h3-Q046=\":443\"; ma=2592000,h3-Q043=\":443\"; ma=2592000,quic=\":443\"; ma=2592000; v=\"46,43\"","accept-ranges":"none","transfer-encoding":"chunked"}
[debug] [2022-08-04T15:38:32.008Z] >>> [apiv2][query] GET https://firebase.googleapis.com/v1beta1/projects/moe-wps [none]
[debug] [2022-08-04T15:38:32.364Z] <<< [apiv2][status] GET https://firebase.googleapis.com/v1beta1/projects/moe-wps 200
[debug] [2022-08-04T15:38:32.364Z] <<< [apiv2][body] GET https://firebase.googleapis.com/v1beta1/projects/moe-wps {"projectId":"moe-wps","projectNumber":"41234896871","displayName":"MOE WPS","name":"projects/moe-wps","resources":{"hostingSite":"moe-wps","storageBucket":"moe-wps.appspot.com","locationId":"asia-southeast1"},"state":"ACTIVE","etag":"1_59082090-30dc-43c0-bcab-6db64e9545bd"}
[info] 
[info] === Deploying to 'moe-wps'...
[info] 
[info] i  deploying functions, hosting 
[debug] [2022-08-04T15:38:32.369Z] Validating nodejs source
[warn] ⚠  functions: package.json indicates an outdated version of firebase-functions.
Please upgrade using npm install --save firebase-functions@latest in your functions directory. 
[debug] [2022-08-04T15:38:33.515Z] > [functions] package.json contents: {
  "name": "functions",
  "description": "Cloud Functions for Firebase",
  "scripts": {
    "serve": "firebase emulators:start --only functions",
    "shell": "firebase functions:shell",
    "start": "npm run shell",
    "deploy": "firebase deploy --only functions",
    "logs": "firebase functions:log"
  },
  "engines": {
    "node": "14"
  },
  "main": "index.js",
  "dependencies": {
    "connect-multiparty": "^2.2.0",
    "csvtojson": "^2.0.10",
    "express-form-data": "^2.0.18",
    "express-formidable": "^1.2.0",
    "firebase-admin": "^9.8.0",
    "firebase-functions": "^3.14.1",
    "json-2-csv": "^3.17.1",
    "nodemailer": "^6.7.5"
  },
  "devDependencies": {
    "firebase-functions-test": "^0.2.0"
  },
  "private": true
}
[debug] [2022-08-04T15:38:33.515Z] Building nodejs source
[info] i  functions: ensuring required API cloudfunctions.googleapis.com is enabled... 
[debug] [2022-08-04T15:38:33.516Z] > refreshing access token with scopes: ["email","https://www.googleapis.com/auth/cloud-platform","https://www.googleapis.com/auth/cloudplatformprojects.readonly","https://www.googleapis.com/auth/firebase","openid"]
[debug] [2022-08-04T15:38:33.516Z] >>> HTTP REQUEST POST https://www.googleapis.com/oauth2/v3/token  
 <request body omitted>
[debug] [2022-08-04T15:38:33.517Z] > refreshing access token with scopes: ["email","https://www.googleapis.com/auth/cloud-platform","https://www.googleapis.com/auth/cloudplatformprojects.readonly","https://www.googleapis.com/auth/firebase","openid"]
[debug] [2022-08-04T15:38:33.517Z] >>> HTTP REQUEST POST https://www.googleapis.com/oauth2/v3/token  
 <request body omitted>
[info] i  functions: ensuring required API cloudbuild.googleapis.com is enabled... 
[debug] [2022-08-04T15:38:33.518Z] > refreshing access token with scopes: ["email","https://www.googleapis.com/auth/cloud-platform","https://www.googleapis.com/auth/cloudplatformprojects.readonly","https://www.googleapis.com/auth/firebase","openid"]
[debug] [2022-08-04T15:38:33.518Z] >>> HTTP REQUEST POST https://www.googleapis.com/oauth2/v3/token  
 <request body omitted>
[info] i  functions: ensuring required API artifactregistry.googleapis.com is enabled... 
[debug] [2022-08-04T15:38:33.519Z] > refreshing access token with scopes: ["email","https://www.googleapis.com/auth/cloud-platform","https://www.googleapis.com/auth/cloudplatformprojects.readonly","https://www.googleapis.com/auth/firebase","openid"]
[debug] [2022-08-04T15:38:33.519Z] >>> HTTP REQUEST POST https://www.googleapis.com/oauth2/v3/token  
 <request body omitted>
[debug] [2022-08-04T15:38:33.580Z] <<< HTTP RESPONSE 200 {"pragma":"no-cache","date":"Thu, 04 Aug 2022 15:38:33 GMT","cache-control":"no-cache, no-store, max-age=0, must-revalidate","expires":"Mon, 01 Jan 1990 00:00:00 GMT","content-type":"application/json; charset=utf-8","vary":"X-Origin, Referer, Origin,Accept-Encoding","server":"scaffolding on HTTPServer2","x-xss-protection":"0","x-frame-options":"SAMEORIGIN","x-content-type-options":"nosniff","alt-svc":"h3=\":443\"; ma=2592000,h3-29=\":443\"; ma=2592000,h3-Q050=\":443\"; ma=2592000,h3-Q046=\":443\"; ma=2592000,h3-Q043=\":443\"; ma=2592000,quic=\":443\"; ma=2592000; v=\"46,43\"","accept-ranges":"none","transfer-encoding":"chunked"}
[debug] [2022-08-04T15:38:33.606Z] >>> HTTP REQUEST GET https://serviceusage.googleapis.com/v1/projects/moe-wps/services/cloudfunctions.googleapis.com  
 
[debug] [2022-08-04T15:38:33.609Z] <<< HTTP RESPONSE 200 {"date":"Thu, 04 Aug 2022 15:38:33 GMT","expires":"Mon, 01 Jan 1990 00:00:00 GMT","cache-control":"no-cache, no-store, max-age=0, must-revalidate","pragma":"no-cache","content-type":"application/json; charset=utf-8","vary":"X-Origin, Referer, Origin,Accept-Encoding","server":"scaffolding on HTTPServer2","x-xss-protection":"0","x-frame-options":"SAMEORIGIN","x-content-type-options":"nosniff","alt-svc":"h3=\":443\"; ma=2592000,h3-29=\":443\"; ma=2592000,h3-Q050=\":443\"; ma=2592000,h3-Q046=\":443\"; ma=2592000,h3-Q043=\":443\"; ma=2592000,quic=\":443\"; ma=2592000; v=\"46,43\"","accept-ranges":"none","transfer-encoding":"chunked"}
[debug] [2022-08-04T15:38:33.633Z] >>> HTTP REQUEST GET https://serviceusage.googleapis.com/v1/projects/moe-wps/services/cloudbuild.googleapis.com  
 
[debug] [2022-08-04T15:38:33.635Z] <<< HTTP RESPONSE 200 {"cache-control":"no-cache, no-store, max-age=0, must-revalidate","pragma":"no-cache","expires":"Mon, 01 Jan 1990 00:00:00 GMT","date":"Thu, 04 Aug 2022 15:38:33 GMT","content-type":"application/json; charset=utf-8","vary":"X-Origin, Referer, Origin,Accept-Encoding","server":"scaffolding on HTTPServer2","x-xss-protection":"0","x-frame-options":"SAMEORIGIN","x-content-type-options":"nosniff","alt-svc":"h3=\":443\"; ma=2592000,h3-29=\":443\"; ma=2592000,h3-Q050=\":443\"; ma=2592000,h3-Q046=\":443\"; ma=2592000,h3-Q043=\":443\"; ma=2592000,quic=\":443\"; ma=2592000; v=\"46,43\"","accept-ranges":"none","transfer-encoding":"chunked"}
[debug] [2022-08-04T15:38:33.659Z] >>> HTTP REQUEST GET https://serviceusage.googleapis.com/v1/projects/moe-wps/services/runtimeconfig.googleapis.com  
 
[debug] [2022-08-04T15:38:33.661Z] <<< HTTP RESPONSE 200 {"expires":"Mon, 01 Jan 1990 00:00:00 GMT","date":"Thu, 04 Aug 2022 15:38:33 GMT","pragma":"no-cache","cache-control":"no-cache, no-store, max-age=0, must-revalidate","content-type":"application/json; charset=utf-8","vary":"X-Origin, Referer, Origin,Accept-Encoding","server":"scaffolding on HTTPServer2","x-xss-protection":"0","x-frame-options":"SAMEORIGIN","x-content-type-options":"nosniff","alt-svc":"h3=\":443\"; ma=2592000,h3-29=\":443\"; ma=2592000,h3-Q050=\":443\"; ma=2592000,h3-Q046=\":443\"; ma=2592000,h3-Q043=\":443\"; ma=2592000,quic=\":443\"; ma=2592000; v=\"46,43\"","accept-ranges":"none","transfer-encoding":"chunked"}
[debug] [2022-08-04T15:38:33.685Z] >>> HTTP REQUEST GET https://serviceusage.googleapis.com/v1/projects/moe-wps/services/artifactregistry.googleapis.com  
 
[debug] [2022-08-04T15:38:35.145Z] <<< HTTP RESPONSE 200 {"content-type":"application/json; charset=UTF-8","vary":"X-Origin, Referer, Origin,Accept-Encoding","date":"Thu, 04 Aug 2022 15:38:35 GMT","server":"ESF","cache-control":"private","x-xss-protection":"0","x-frame-options":"SAMEORIGIN","x-content-type-options":"nosniff","alt-svc":"h3=\":443\"; ma=2592000,h3-29=\":443\"; ma=2592000,h3-Q050=\":443\"; ma=2592000,h3-Q046=\":443\"; ma=2592000,h3-Q043=\":443\"; ma=2592000,quic=\":443\"; ma=2592000; v=\"46,43\"","accept-ranges":"none","transfer-encoding":"chunked"}
[info] ✔  functions: required API artifactregistry.googleapis.com is enabled 
[debug] [2022-08-04T15:38:35.151Z] <<< HTTP RESPONSE 200 {"content-type":"application/json; charset=UTF-8","vary":"X-Origin, Referer, Origin,Accept-Encoding","date":"Thu, 04 Aug 2022 15:38:35 GMT","server":"ESF","cache-control":"private","x-xss-protection":"0","x-frame-options":"SAMEORIGIN","x-content-type-options":"nosniff","alt-svc":"h3=\":443\"; ma=2592000,h3-29=\":443\"; ma=2592000,h3-Q050=\":443\"; ma=2592000,h3-Q046=\":443\"; ma=2592000,h3-Q043=\":443\"; ma=2592000,quic=\":443\"; ma=2592000; v=\"46,43\"","accept-ranges":"none","transfer-encoding":"chunked"}
[info] ✔  functions: required API cloudfunctions.googleapis.com is enabled 
[debug] [2022-08-04T15:38:35.154Z] <<< HTTP RESPONSE 200 {"content-type":"application/json; charset=UTF-8","vary":"X-Origin, Referer, Origin,Accept-Encoding","date":"Thu, 04 Aug 2022 15:38:35 GMT","server":"ESF","cache-control":"private","x-xss-protection":"0","x-frame-options":"SAMEORIGIN","x-content-type-options":"nosniff","alt-svc":"h3=\":443\"; ma=2592000,h3-29=\":443\"; ma=2592000,h3-Q050=\":443\"; ma=2592000,h3-Q046=\":443\"; ma=2592000,h3-Q043=\":443\"; ma=2592000,quic=\":443\"; ma=2592000; v=\"46,43\"","accept-ranges":"none","transfer-encoding":"chunked"}
[debug] [2022-08-04T15:38:35.203Z] <<< HTTP RESPONSE 200 {"content-type":"application/json; charset=UTF-8","vary":"X-Origin, Referer, Origin,Accept-Encoding","date":"Thu, 04 Aug 2022 15:38:35 GMT","server":"ESF","cache-control":"private","x-xss-protection":"0","x-frame-options":"SAMEORIGIN","x-content-type-options":"nosniff","alt-svc":"h3=\":443\"; ma=2592000,h3-29=\":443\"; ma=2592000,h3-Q050=\":443\"; ma=2592000,h3-Q046=\":443\"; ma=2592000,h3-Q043=\":443\"; ma=2592000,quic=\":443\"; ma=2592000; v=\"46,43\"","accept-ranges":"none","transfer-encoding":"chunked"}
[info] ✔  functions: required API cloudbuild.googleapis.com is enabled 
[debug] [2022-08-04T15:38:35.204Z] >>> HTTP REQUEST GET https://firebase.googleapis.com/v1beta1/projects/moe-wps/adminSdkConfig  
 
[debug] [2022-08-04T15:38:35.484Z] <<< HTTP RESPONSE 200 {"content-type":"application/json; charset=UTF-8","vary":"X-Origin, Referer, Origin,Accept-Encoding","date":"Thu, 04 Aug 2022 15:38:35 GMT","server":"ESF","cache-control":"private","x-xss-protection":"0","x-frame-options":"SAMEORIGIN","x-content-type-options":"nosniff","alt-svc":"h3=\":443\"; ma=2592000,h3-29=\":443\"; ma=2592000,h3-Q050=\":443\"; ma=2592000,h3-Q046=\":443\"; ma=2592000,h3-Q043=\":443\"; ma=2592000,quic=\":443\"; ma=2592000; v=\"46,43\"","accept-ranges":"none","transfer-encoding":"chunked"}
[debug] [2022-08-04T15:38:35.485Z] >>> HTTP REQUEST GET https://runtimeconfig.googleapis.com/v1beta1/projects/moe-wps/configs  
 
[debug] [2022-08-04T15:38:35.818Z] <<< HTTP RESPONSE 200 {"content-type":"application/json; charset=UTF-8","vary":"X-Origin, Referer, Origin,Accept-Encoding","date":"Thu, 04 Aug 2022 15:38:35 GMT","server":"ESF","cache-control":"private","x-xss-protection":"0","x-frame-options":"SAMEORIGIN","x-content-type-options":"nosniff","alt-svc":"h3=\":443\"; ma=2592000,h3-29=\":443\"; ma=2592000,h3-Q050=\":443\"; ma=2592000,h3-Q046=\":443\"; ma=2592000,h3-Q043=\":443\"; ma=2592000,quic=\":443\"; ma=2592000; v=\"46,43\"","accept-ranges":"none","transfer-encoding":"chunked"}
[debug] [2022-08-04T15:38:35.862Z] Analyzing nodejs backend spec
[info] i  functions: preparing functions directory for uploading... 
[info] i  functions: packaged functions (70.56 KB) for uploading 
[debug] [2022-08-04T15:38:36.467Z] >>> HTTP REQUEST GET https://cloudfunctions.googleapis.com/v1/projects/moe-wps/locations/-/functions  
 
[debug] [2022-08-04T15:38:37.127Z] <<< HTTP RESPONSE 200 {"content-type":"application/json; charset=UTF-8","vary":"X-Origin, Referer, Origin,Accept-Encoding","date":"Thu, 04 Aug 2022 15:38:37 GMT","server":"ESF","cache-control":"private","x-xss-protection":"0","x-frame-options":"SAMEORIGIN","x-content-type-options":"nosniff","alt-svc":"h3=\":443\"; ma=2592000,h3-29=\":443\"; ma=2592000,h3-Q050=\":443\"; ma=2592000,h3-Q046=\":443\"; ma=2592000,h3-Q043=\":443\"; ma=2592000,quic=\":443\"; ma=2592000; v=\"46,43\"","accept-ranges":"none","transfer-encoding":"chunked"}
[debug] [2022-08-04T15:38:37.131Z] >>> HTTP REQUEST POST https://firebasehosting.googleapis.com/v1beta1/sites/moe-wps/versions  
 {"config":{"rewrites":[{"glob":"**","path":"/index.html"}]},"labels":{"deployment-tool":"cli-firebase"}}
[debug] [2022-08-04T15:38:38.806Z] <<< HTTP RESPONSE 200 {"content-type":"application/json; charset=UTF-8","vary":"X-Origin, Referer, Origin,Accept-Encoding","date":"Thu, 04 Aug 2022 15:38:38 GMT","server":"ESF","cache-control":"private","x-xss-protection":"0","x-frame-options":"SAMEORIGIN","x-content-type-options":"nosniff","alt-svc":"h3=\":443\"; ma=2592000,h3-29=\":443\"; ma=2592000,h3-Q050=\":443\"; ma=2592000,h3-Q046=\":443\"; ma=2592000,h3-Q043=\":443\"; ma=2592000,quic=\":443\"; ma=2592000; v=\"46,43\"","accept-ranges":"none","transfer-encoding":"chunked"}
[debug] [2022-08-04T15:38:38.808Z] >>> HTTP REQUEST POST https://cloudfunctions.googleapis.com/v1/projects/moe-wps/locations/us-central1/functions:generateUploadUrl  
 
[debug] [2022-08-04T15:38:39.598Z] <<< HTTP RESPONSE 200 {"content-type":"application/json; charset=UTF-8","vary":"X-Origin, Referer, Origin,Accept-Encoding","date":"Thu, 04 Aug 2022 15:38:39 GMT","server":"ESF","cache-control":"private","x-xss-protection":"0","x-frame-options":"SAMEORIGIN","x-content-type-options":"nosniff","alt-svc":"h3=\":443\"; ma=2592000,h3-29=\":443\"; ma=2592000,h3-Q050=\":443\"; ma=2592000,h3-Q046=\":443\"; ma=2592000,h3-Q043=\":443\"; ma=2592000,quic=\":443\"; ma=2592000; v=\"46,43\"","accept-ranges":"none","transfer-encoding":"chunked"}
[debug] [2022-08-04T15:38:39.599Z] >>> HTTP REQUEST PUT https://storage.googleapis.com/uploads-369345215201.us-central1.cloudfunctions.appspot.com/4673f2ee-66fc-43e1-a238-ad402abf4f95.zip?GoogleAccessId=service-41234896871@gcf-admin-robot.iam.gserviceaccount.com&Expires=1659629319&Signature=iF%2B%2BQB02dk36rFT5M1Ds5iRiuSiAxEYdxDABjRsG8FzhpXL9ZHY8RtDxKri5GLPskWQr7iPMrGTl5SznzeldcIuGhHui%2BBz2tYIS9BVJOaBL240DQ27i0sW7i4MkQ%2F5IB9QBICwi%2BOObIcPeDqZLYw%2B2DbvNTEsbDerRM%2FIJPBD%2FUD%2B5%2FU5LXozsXxf%2BdGrWHaBR6lVJRD2iEhB1z%2Bb7uuLzRMf9F3faBoYJ46p5S3E8zBjss4oRl9miyxptHZ7Wlk2eJqGxIFgwVqD8ChLodqfrJnTAKBIIni4cfL9OmQz9qtJCTZqeodYbTmSeXkQ2L3VGaiFHKnCrboSSe17%2FTw%3D%3D  
 <request body omitted>
[debug] [2022-08-04T15:38:40.365Z] <<< HTTP RESPONSE 200 {"x-guploader-uploadid":"ADPycdsOfVnPnz2484HzpvIOTrGQ0C3uAsGXKpVDSeZDRo6yA8OKUXJI74C6hbDF16jKm3ykA3fV7mpGUPJEWyTqibURZZ6DjjSf","etag":"\"a5937c278f26358099cb929063beba65\"","x-goog-generation":"1659627520369965","x-goog-metageneration":"1","x-goog-hash":"crc32c=SuVPkg==, md5=pZN8J48mNYCZy5KQY766ZQ==","x-goog-stored-content-length":"72249","x-goog-stored-content-encoding":"identity","vary":"Origin","content-length":"0","date":"Thu, 04 Aug 2022 15:38:40 GMT","server":"UploadServer","content-type":"text/html; charset=UTF-8","alt-svc":"h3=\":443\"; ma=2592000,h3-29=\":443\"; ma=2592000,h3-Q050=\":443\"; ma=2592000,h3-Q046=\":443\"; ma=2592000,h3-Q043=\":443\"; ma=2592000,quic=\":443\"; ma=2592000; v=\"46,43\""}
[info] ✔  functions: functions folder uploaded successfully 
[info] i  hosting[moe-wps]: beginning deploy... 
[info] i  hosting[moe-wps]: found 37 files in dist 
[debug] [2022-08-04T15:38:40.581Z] > refreshing access token with scopes: []
[debug] [2022-08-04T15:38:40.581Z] >>> HTTP REQUEST POST https://www.googleapis.com/oauth2/v3/token  
 <request body omitted>
[debug] [2022-08-04T15:38:40.584Z] [hosting] hash cache [ZGlzdA] stored for 37 files
[debug] [2022-08-04T15:38:40.584Z] [hosting][hash queue][FINAL] {"max":198,"min":15,"avg":31.324324324324323,"active":0,"complete":37,"success":37,"errored":0,"retried":0,"total":37,"elapsed":203}
[debug] [2022-08-04T15:38:40.658Z] <<< HTTP RESPONSE 200 {"pragma":"no-cache","cache-control":"no-cache, no-store, max-age=0, must-revalidate","expires":"Mon, 01 Jan 1990 00:00:00 GMT","date":"Thu, 04 Aug 2022 15:38:40 GMT","content-type":"application/json; charset=utf-8","vary":"X-Origin, Referer, Origin,Accept-Encoding","server":"scaffolding on HTTPServer2","x-xss-protection":"0","x-frame-options":"SAMEORIGIN","x-content-type-options":"nosniff","alt-svc":"h3=\":443\"; ma=2592000,h3-29=\":443\"; ma=2592000,h3-Q050=\":443\"; ma=2592000,h3-Q046=\":443\"; ma=2592000,h3-Q043=\":443\"; ma=2592000,quic=\":443\"; ma=2592000; v=\"46,43\"","accept-ranges":"none","transfer-encoding":"chunked"}
[debug] [2022-08-04T15:38:40.683Z] >>> [apiv2][query] POST https://firebasehosting.googleapis.com/v1beta1/sites/moe-wps/versions/7dbcefbf7245d411:populateFiles [none]
[debug] [2022-08-04T15:38:40.684Z] >>> [apiv2][body] POST https://firebasehosting.googleapis.com/v1beta1/sites/moe-wps/versions/7dbcefbf7245d411:populateFiles {"files":{"/index.html":"ac39ad79a69a8765e78005e856917f9f1ae422167d377a5c91aa86688b3a7af4","/polyfills-es2015.ba2a55baa1fc673d1535.js":"6dffb7087bb85db968a74e9db7bd138567712d44324de656f596a7a0b8e1d08c","/runtime-es2015.c5fa8325f89fc516600b.js":"c4aa0a348c0dcf9c6af4b7b3f066d0599bcec97472ed96ab232c8dceb70607cb","/runtime-es5.c5fa8325f89fc516600b.js":"c4aa0a348c0dcf9c6af4b7b3f066d0599bcec97472ed96ab232c8dceb70607cb","/assets/images/icon/contact-date-schedule-svgrepo-com.svg":"17084b7c0c254fc64723c9d4207175fb83c7d22a0663a91eefe50215a93443c3","/assets/images/icon/home-page.png":"fd98701d541fe5644f1ad7ff1977772f3611f0938773cf994ec6510e8520d32f","/assets/images/icon/home-svgrepo-com.svg":"855b8f94871b0a57b5351ef3fe9a7b011befcde9e8f4f2a4849552874388fb49","/assets/images/icon/error-svgrepo-com.svg":"a1caf877e95db8b505df1ecb022cb8b34265bc5d9ce66730cd072faaceb18c2b","/assets/images/icon/search-svgrepo-com.svg":"db81c13eadd6fc80683f4eca0febb21861f50da7a39dae4b1883e174be91a8ce","/assets/images/icon/statistics-svgrepo-com.svg":"0766a4d265832e152c17eeaaea7a1433e7780f98d29a60bc6f9971f5c6b48d56","/assets/images/icon/qr-code-svgrepo-com.svg":"eaa4124a64d1c88da9d3e0abc7b4c542e91b8f8ed6acf1950fb2dcb4454deacd","/assets/images/icon/store-svgrepo-com.svg":"0c4c11c4b5c3eaf3d83d93863411d973c836d52857b0b46229d2d362f22061aa","/assets/images/icon/untitled.svg+xml.png":"15ff0377c4276d45d9b4fe386a66a30480d0c6fe69d98c07bfa52f11e901225f","/assets/images/icon/success-svgrepo-com.svg":"41624e972c17bc991ee1888fe70c845cd9649cbe7a8c380b06bb4ea812b31ea2","/assets/images/icon/untitled.svg+xml-2.png":"e5d521085abd50c365695713872ab763bfea8c6c77317bf5a2723b6f8ffddd3f","/assets/images/icon/white-map-locator-svgrepo-com.svg":"0c19d3acc051cde378c2474deca900e9c236d67f6aaafde13a7dbf2231b5a426","/assets/images/icons/floor plan.png":"e5d521085abd50c365695713872ab763bfea8c6c77317bf5a2723b6f8ffddd3f","/assets/images/icons/home-page.png":"fd98701d541fe5644f1ad7ff1977772f3611f0938773cf994ec6510e8520d32f","/assets/images/icons/welfare.png":"00ef419e2faa6c7d0e2d82ad200da8925074f1dbaa7bea0b0fe8b653a8508047","/assets/images/icons/stack-of-photos.png":"3b265d80dd727f2bfa067e806c4ae22203465ad0b20403acdc23e75e36d3522c","/assets/scss/_variables.scss":"0b1f14059f5b75b6cfda63161bb4c34d26bbaa27a9f8563cc6eb3558049aed16","/assets/images/icons/qr-code-scan.png":"b42090c17cc834d2cd246ec11160291a79f3253eb66d890aac6623a5d1c6454f","/3rdpartylicenses.txt":"4b912d58f29178ea910b7bf58f04df6a5f9bd86b7b0f411740bf724cc8169a6a","/assets/fonts/Frutiger45-Light.TTF":"08e733e5979b2eebc9e015a3c7bfaaca36aeed4b3a62c4cb1b8832ea8e982c74","/assets/images/icons/quiz2.png":"132fffabecce2d1798e706a8c0d3588fae23bf96465e974e51781be183b8d43c","/assets/images/icons/sustainable.png":"27f461e1f7b975c5ec4d6082a2c5da96f08d0c86613c54f12c2610becbbfddcc","/assets/images/icons/zone.png":"78f726df7c6db6661aaaa36a78a7611ff0db6ff65cf7282ea13eb43162faf683","/polyfills-es5.7c2afebd5c02bb179f3f.js":"c2a1f004fb4f048a74c4f8b5de83a78fa412f22bab4066a79dce956ab280e6bd","/scripts.fb5bac0fefbeada7ad7a.js":"08bd74c01b5579cf5733d740c59d10bf99c974d088b97fc2016770bfbded067f","/styles.93e2a71f23845039032e.css":"70cf78132f215c62c6e02613499c3167ef7ed547983b1466dd9f3552a793eb05","/MOBILE.6a6442d307f54b5344ef.png":"72eefe528e4649a63445d7bccd43084a0cd3f4a41612568994b77a99584c4587","/assets/images/MOBILE.png":"72eefe528e4649a63445d7bccd43084a0cd3f4a41612568994b77a99584c4587","/assets/images/Mail Banner.png":"de6d13c010c70c0fab00c028d8b5926d0d88b0438f769525c90fc7fc56dbf14b","/PC Webpage.f8e42f75b64447aca17f.png":"bfaae2cd5104b713b9f65450a75318b64260f2c427cc2c45d7216d4fbc5befdb","/assets/images/PC Webpage.png":"bfaae2cd5104b713b9f65450a75318b64260f2c427cc2c45d7216d4fbc5befdb","/main-es5.ce0d50c0dcd3b2db4695.js":"6b1f007d9a575a1c263169a8ca2ceafb1069d8d5e0e6c87e926d351654933e6e","/main-es2015.ce0d50c0dcd3b2db4695.js":"6487bfc355baf45ae6b43be93c51e373aacd24529adfd3dae3b088ef23aa163a"}}
[debug] [2022-08-04T15:38:42.253Z] <<< [apiv2][status] POST https://firebasehosting.googleapis.com/v1beta1/sites/moe-wps/versions/7dbcefbf7245d411:populateFiles 200
[debug] [2022-08-04T15:38:42.253Z] <<< [apiv2][body] POST https://firebasehosting.googleapis.com/v1beta1/sites/moe-wps/versions/7dbcefbf7245d411:populateFiles {"uploadRequiredHashes":["6487bfc355baf45ae6b43be93c51e373aacd24529adfd3dae3b088ef23aa163a","6b1f007d9a575a1c263169a8ca2ceafb1069d8d5e0e6c87e926d351654933e6e","ac39ad79a69a8765e78005e856917f9f1ae422167d377a5c91aa86688b3a7af4"],"uploadUrl":"https://upload-firebasehosting.googleapis.com/upload/sites/moe-wps/versions/7dbcefbf7245d411/files"}
[debug] [2022-08-04T15:38:42.255Z] >>> [apiv2][query] POST https://upload-firebasehosting.googleapis.com/upload/sites/moe-wps/versions/7dbcefbf7245d411/files/6487bfc355baf45ae6b43be93c51e373aacd24529adfd3dae3b088ef23aa163a [none]
[debug] [2022-08-04T15:38:42.255Z] >>> [apiv2][body] POST https://upload-firebasehosting.googleapis.com/upload/sites/moe-wps/versions/7dbcefbf7245d411/files/6487bfc355baf45ae6b43be93c51e373aacd24529adfd3dae3b088ef23aa163a [stream]
[debug] [2022-08-04T15:38:42.256Z] >>> [apiv2][query] POST https://upload-firebasehosting.googleapis.com/upload/sites/moe-wps/versions/7dbcefbf7245d411/files/6b1f007d9a575a1c263169a8ca2ceafb1069d8d5e0e6c87e926d351654933e6e [none]
[debug] [2022-08-04T15:38:42.256Z] >>> [apiv2][body] POST https://upload-firebasehosting.googleapis.com/upload/sites/moe-wps/versions/7dbcefbf7245d411/files/6b1f007d9a575a1c263169a8ca2ceafb1069d8d5e0e6c87e926d351654933e6e [stream]
[debug] [2022-08-04T15:38:42.257Z] >>> [apiv2][query] POST https://upload-firebasehosting.googleapis.com/upload/sites/moe-wps/versions/7dbcefbf7245d411/files/ac39ad79a69a8765e78005e856917f9f1ae422167d377a5c91aa86688b3a7af4 [none]
[debug] [2022-08-04T15:38:42.257Z] >>> [apiv2][body] POST https://upload-firebasehosting.googleapis.com/upload/sites/moe-wps/versions/7dbcefbf7245d411/files/ac39ad79a69a8765e78005e856917f9f1ae422167d377a5c91aa86688b3a7af4 [stream]
[debug] [2022-08-04T15:38:42.258Z] [hosting][populate queue][FINAL] {"max":1674,"min":1674,"avg":1674,"active":0,"complete":1,"success":1,"errored":0,"retried":0,"total":1,"elapsed":1677}
[debug] [2022-08-04T15:38:42.258Z] [hosting] uploads queued: 3
[debug] [2022-08-04T15:38:43.946Z] <<< [apiv2][status] POST https://upload-firebasehosting.googleapis.com/upload/sites/moe-wps/versions/7dbcefbf7245d411/files/ac39ad79a69a8765e78005e856917f9f1ae422167d377a5c91aa86688b3a7af4 200
[debug] [2022-08-04T15:38:43.946Z] <<< [apiv2][body] POST https://upload-firebasehosting.googleapis.com/upload/sites/moe-wps/versions/7dbcefbf7245d411/files/ac39ad79a69a8765e78005e856917f9f1ae422167d377a5c91aa86688b3a7af4 [stream]
[debug] [2022-08-04T15:38:44.039Z] <<< [apiv2][status] POST https://upload-firebasehosting.googleapis.com/upload/sites/moe-wps/versions/7dbcefbf7245d411/files/6487bfc355baf45ae6b43be93c51e373aacd24529adfd3dae3b088ef23aa163a 200
[debug] [2022-08-04T15:38:44.039Z] <<< [apiv2][body] POST https://upload-firebasehosting.googleapis.com/upload/sites/moe-wps/versions/7dbcefbf7245d411/files/6487bfc355baf45ae6b43be93c51e373aacd24529adfd3dae3b088ef23aa163a [stream]
[debug] [2022-08-04T15:38:46.120Z] <<< [apiv2][status] POST https://upload-firebasehosting.googleapis.com/upload/sites/moe-wps/versions/7dbcefbf7245d411/files/6b1f007d9a575a1c263169a8ca2ceafb1069d8d5e0e6c87e926d351654933e6e 200
[debug] [2022-08-04T15:38:46.120Z] <<< [apiv2][body] POST https://upload-firebasehosting.googleapis.com/upload/sites/moe-wps/versions/7dbcefbf7245d411/files/6b1f007d9a575a1c263169a8ca2ceafb1069d8d5e0e6c87e926d351654933e6e [stream]
[debug] [2022-08-04T15:38:46.120Z] [hosting][upload queue][FINAL] {"max":3866,"min":1691,"avg":2447.6666666666665,"active":0,"complete":3,"success":3,"errored":0,"retried":0,"total":3,"elapsed":3867}
[info] ✔  hosting[moe-wps]: file upload complete 
[debug] [2022-08-04T15:38:46.121Z] [hosting] deploy completed after 5755ms
[info] i  functions: updating Node.js 14 function rsvp(asia-southeast1)... 
[debug] [2022-08-04T15:38:46.127Z] > refreshing access token with scopes: ["email","https://www.googleapis.com/auth/cloud-platform","https://www.googleapis.com/auth/cloudplatformprojects.readonly","https://www.googleapis.com/auth/firebase","openid"]
[debug] [2022-08-04T15:38:46.127Z] >>> HTTP REQUEST POST https://www.googleapis.com/oauth2/v3/token  
 <request body omitted>
[debug] [2022-08-04T15:38:46.196Z] <<< HTTP RESPONSE 200 {"expires":"Mon, 01 Jan 1990 00:00:00 GMT","date":"Thu, 04 Aug 2022 15:38:46 GMT","cache-control":"no-cache, no-store, max-age=0, must-revalidate","pragma":"no-cache","content-type":"application/json; charset=utf-8","vary":"X-Origin, Referer, Origin,Accept-Encoding","server":"scaffolding on HTTPServer2","x-xss-protection":"0","x-frame-options":"SAMEORIGIN","x-content-type-options":"nosniff","alt-svc":"h3=\":443\"; ma=2592000,h3-29=\":443\"; ma=2592000,h3-Q050=\":443\"; ma=2592000,h3-Q046=\":443\"; ma=2592000,h3-Q043=\":443\"; ma=2592000,quic=\":443\"; ma=2592000; v=\"46,43\"","accept-ranges":"none","transfer-encoding":"chunked"}
[debug] [2022-08-04T15:38:46.221Z] >>> HTTP REQUEST PATCH https://cloudfunctions.googleapis.com/v1/projects/moe-wps/locations/asia-southeast1/functions/rsvp {"updateMask":"name,sourceUploadUrl,entryPoint,runtime,labels,httpsTrigger,availableMemoryMb,environmentVariables,sourceToken"} 
 {"name":"projects/moe-wps/locations/asia-southeast1/functions/rsvp","sourceUploadUrl":"https://storage.googleapis.com/uploads-369345215201.us-central1.cloudfunctions.appspot.com/4673f2ee-66fc-43e1-a238-ad402abf4f95.zip?GoogleAccessId=service-41234896871@gcf-admin-robot.iam.gserviceaccount.com&Expires=1659629319&Signature=iF%2B%2BQB02dk36rFT5M1Ds5iRiuSiAxEYdxDABjRsG8FzhpXL9ZHY8RtDxKri5GLPskWQr7iPMrGTl5SznzeldcIuGhHui%2BBz2tYIS9BVJOaBL240DQ27i0sW7i4MkQ%2F5IB9QBICwi%2BOObIcPeDqZLYw%2B2DbvNTEsbDerRM%2FIJPBD%2FUD%2B5%2FU5LXozsXxf%2BdGrWHaBR6lVJRD2iEhB1z%2Bb7uuLzRMf9F3faBoYJ46p5S3E8zBjss4oRl9miyxptHZ7Wlk2eJqGxIFgwVqD8ChLodqfrJnTAKBIIni4cfL9OmQz9qtJCTZqeodYbTmSeXkQ2L3VGaiFHKnCrboSSe17%2FTw%3D%3D","entryPoint":"rsvp","runtime":"nodejs14","labels":{"deployment-tool":"cli-firebase"},"httpsTrigger":{},"availableMemoryMb":256,"environmentVariables":{"FIREBASE_CONFIG":"{\"projectId\":\"moe-wps\",\"storageBucket\":\"moe-wps.appspot.com\",\"locationId\":\"asia-southeast1\"}","GCLOUD_PROJECT":"moe-wps"}}
[debug] [2022-08-04T15:38:46.753Z] <<< HTTP RESPONSE 200 {"content-type":"application/json; charset=UTF-8","vary":"X-Origin, Referer, Origin,Accept-Encoding","date":"Thu, 04 Aug 2022 15:38:46 GMT","server":"ESF","cache-control":"private","x-xss-protection":"0","x-frame-options":"SAMEORIGIN","x-content-type-options":"nosniff","alt-svc":"h3=\":443\"; ma=2592000,h3-29=\":443\"; ma=2592000,h3-Q050=\":443\"; ma=2592000,h3-Q046=\":443\"; ma=2592000,h3-Q043=\":443\"; ma=2592000,quic=\":443\"; ma=2592000; v=\"46,43\"","accept-ranges":"none","transfer-encoding":"chunked"}
[debug] [2022-08-04T15:38:46.754Z] > refreshing access token with scopes: []
[debug] [2022-08-04T15:38:46.754Z] >>> HTTP REQUEST POST https://www.googleapis.com/oauth2/v3/token  
 <request body omitted>
[debug] [2022-08-04T15:38:46.822Z] <<< HTTP RESPONSE 200 {"cache-control":"no-cache, no-store, max-age=0, must-revalidate","pragma":"no-cache","date":"Thu, 04 Aug 2022 15:38:46 GMT","expires":"Mon, 01 Jan 1990 00:00:00 GMT","content-type":"application/json; charset=utf-8","vary":"X-Origin, Referer, Origin,Accept-Encoding","server":"scaffolding on HTTPServer2","x-xss-protection":"0","x-frame-options":"SAMEORIGIN","x-content-type-options":"nosniff","alt-svc":"h3=\":443\"; ma=2592000,h3-29=\":443\"; ma=2592000,h3-Q050=\":443\"; ma=2592000,h3-Q046=\":443\"; ma=2592000,h3-Q043=\":443\"; ma=2592000,quic=\":443\"; ma=2592000; v=\"46,43\"","accept-ranges":"none","transfer-encoding":"chunked"}
[debug] [2022-08-04T15:38:46.847Z] >>> [apiv2][query] GET https://cloudfunctions.googleapis.com/v1/operations/bW9lLXdwcy9hc2lhLXNvdXRoZWFzdDEvcnN2cC9ack0xU1VOOGhhdw [none]
[debug] [2022-08-04T15:38:47.001Z] <<< [apiv2][status] GET https://cloudfunctions.googleapis.com/v1/operations/bW9lLXdwcy9hc2lhLXNvdXRoZWFzdDEvcnN2cC9ack0xU1VOOGhhdw 200
[debug] [2022-08-04T15:38:47.001Z] <<< [apiv2][body] GET https://cloudfunctions.googleapis.com/v1/operations/bW9lLXdwcy9hc2lhLXNvdXRoZWFzdDEvcnN2cC9ack0xU1VOOGhhdw {"name":"operations/bW9lLXdwcy9hc2lhLXNvdXRoZWFzdDEvcnN2cC9ack0xU1VOOGhhdw","metadata":{"@type":"type.googleapis.com/google.cloud.functions.v1.OperationMetadataV1","target":"projects/moe-wps/locations/asia-southeast1/functions/rsvp","type":"UPDATE_FUNCTION","request":{"@type":"type.googleapis.com/google.cloud.functions.v1.CloudFunction","name":"projects/moe-wps/locations/asia-southeast1/functions/rsvp","httpsTrigger":{},"status":"ACTIVE","entryPoint":"rsvp","timeout":"60s","availableMemoryMb":256,"serviceAccountEmail":"moe-wps@appspot.gserviceaccount.com","updateTime":"2022-08-04T10:06:51.275Z","versionId":"10","labels":{"deployment-tool":"cli-firebase"},"sourceUploadUrl":"https://storage.googleapis.com/uploads-369345215201.us-central1.cloudfunctions.appspot.com/4673f2ee-66fc-43e1-a238-ad402abf4f95.zip?GoogleAccessId=service-41234896871@gcf-admin-robot.iam.gserviceaccount.com&Expires=1659629319&Signature=iF%2B%2BQB02dk36rFT5M1Ds5iRiuSiAxEYdxDABjRsG8FzhpXL9ZHY8RtDxKri5GLPskWQr7iPMrGTl5SznzeldcIuGhHui%2BBz2tYIS9BVJOaBL240DQ27i0sW7i4MkQ%2F5IB9QBICwi%2BOObIcPeDqZLYw%2B2DbvNTEsbDerRM%2FIJPBD%2FUD%2B5%2FU5LXozsXxf%2BdGrWHaBR6lVJRD2iEhB1z%2Bb7uuLzRMf9F3faBoYJ46p5S3E8zBjss4oRl9miyxptHZ7Wlk2eJqGxIFgwVqD8ChLodqfrJnTAKBIIni4cfL9OmQz9qtJCTZqeodYbTmSeXkQ2L3VGaiFHKnCrboSSe17%2FTw%3D%3D","environmentVariables":{"FIREBASE_CONFIG":"{\"projectId\":\"moe-wps\",\"storageBucket\":\"moe-wps.appspot.com\",\"locationId\":\"asia-southeast1\"}","GCLOUD_PROJECT":"moe-wps"},"runtime":"nodejs14","ingressSettings":"ALLOW_ALL","buildId":"e203031f-3160-4795-8e63-52c47b034544","buildName":"projects/41234896871/locations/asia-southeast1/builds/e203031f-3160-4795-8e63-52c47b034544","dockerRegistry":"CONTAINER_REGISTRY"},"versionId":"11","updateTime":"2022-08-04T15:38:46Z"}}
[debug] [2022-08-04T15:38:47.503Z] [update-asia-southeast1-rsvp] Retrying task index 0
[debug] [2022-08-04T15:38:47.503Z] >>> [apiv2][query] GET https://cloudfunctions.googleapis.com/v1/operations/bW9lLXdwcy9hc2lhLXNvdXRoZWFzdDEvcnN2cC9ack0xU1VOOGhhdw [none]
[debug] [2022-08-04T15:38:47.719Z] <<< [apiv2][status] GET https://cloudfunctions.googleapis.com/v1/operations/bW9lLXdwcy9hc2lhLXNvdXRoZWFzdDEvcnN2cC9ack0xU1VOOGhhdw 200
[debug] [2022-08-04T15:38:47.720Z] <<< [apiv2][body] GET https://cloudfunctions.googleapis.com/v1/operations/bW9lLXdwcy9hc2lhLXNvdXRoZWFzdDEvcnN2cC9ack0xU1VOOGhhdw {"name":"operations/bW9lLXdwcy9hc2lhLXNvdXRoZWFzdDEvcnN2cC9ack0xU1VOOGhhdw","metadata":{"@type":"type.googleapis.com/google.cloud.functions.v1.OperationMetadataV1","target":"projects/moe-wps/locations/asia-southeast1/functions/rsvp","type":"UPDATE_FUNCTION","request":{"@type":"type.googleapis.com/google.cloud.functions.v1.CloudFunction","name":"projects/moe-wps/locations/asia-southeast1/functions/rsvp","httpsTrigger":{},"status":"ACTIVE","entryPoint":"rsvp","timeout":"60s","availableMemoryMb":256,"serviceAccountEmail":"moe-wps@appspot.gserviceaccount.com","updateTime":"2022-08-04T10:06:51.275Z","versionId":"10","labels":{"deployment-tool":"cli-firebase"},"sourceUploadUrl":"https://storage.googleapis.com/uploads-369345215201.us-central1.cloudfunctions.appspot.com/4673f2ee-66fc-43e1-a238-ad402abf4f95.zip?GoogleAccessId=service-41234896871@gcf-admin-robot.iam.gserviceaccount.com&Expires=1659629319&Signature=iF%2B%2BQB02dk36rFT5M1Ds5iRiuSiAxEYdxDABjRsG8FzhpXL9ZHY8RtDxKri5GLPskWQr7iPMrGTl5SznzeldcIuGhHui%2BBz2tYIS9BVJOaBL240DQ27i0sW7i4MkQ%2F5IB9QBICwi%2BOObIcPeDqZLYw%2B2DbvNTEsbDerRM%2FIJPBD%2FUD%2B5%2FU5LXozsXxf%2BdGrWHaBR6lVJRD2iEhB1z%2Bb7uuLzRMf9F3faBoYJ46p5S3E8zBjss4oRl9miyxptHZ7Wlk2eJqGxIFgwVqD8ChLodqfrJnTAKBIIni4cfL9OmQz9qtJCTZqeodYbTmSeXkQ2L3VGaiFHKnCrboSSe17%2FTw%3D%3D","environmentVariables":{"FIREBASE_CONFIG":"{\"projectId\":\"moe-wps\",\"storageBucket\":\"moe-wps.appspot.com\",\"locationId\":\"asia-southeast1\"}","GCLOUD_PROJECT":"moe-wps"},"runtime":"nodejs14","ingressSettings":"ALLOW_ALL","buildId":"e203031f-3160-4795-8e63-52c47b034544","buildName":"projects/41234896871/locations/asia-southeast1/builds/e203031f-3160-4795-8e63-52c47b034544","dockerRegistry":"CONTAINER_REGISTRY"},"versionId":"11","updateTime":"2022-08-04T15:38:46Z"}}
[debug] [2022-08-04T15:38:48.721Z] [update-asia-southeast1-rsvp] Retrying task index 0
[debug] [2022-08-04T15:38:48.722Z] >>> [apiv2][query] GET https://cloudfunctions.googleapis.com/v1/operations/bW9lLXdwcy9hc2lhLXNvdXRoZWFzdDEvcnN2cC9ack0xU1VOOGhhdw [none]
[debug] [2022-08-04T15:38:48.868Z] <<< [apiv2][status] GET https://cloudfunctions.googleapis.com/v1/operations/bW9lLXdwcy9hc2lhLXNvdXRoZWFzdDEvcnN2cC9ack0xU1VOOGhhdw 200
[debug] [2022-08-04T15:38:48.868Z] <<< [apiv2][body] GET https://cloudfunctions.googleapis.com/v1/operations/bW9lLXdwcy9hc2lhLXNvdXRoZWFzdDEvcnN2cC9ack0xU1VOOGhhdw {"name":"operations/bW9lLXdwcy9hc2lhLXNvdXRoZWFzdDEvcnN2cC9ack0xU1VOOGhhdw","metadata":{"@type":"type.googleapis.com/google.cloud.functions.v1.OperationMetadataV1","target":"projects/moe-wps/locations/asia-southeast1/functions/rsvp","type":"UPDATE_FUNCTION","request":{"@type":"type.googleapis.com/google.cloud.functions.v1.CloudFunction","name":"projects/moe-wps/locations/asia-southeast1/functions/rsvp","httpsTrigger":{},"status":"ACTIVE","entryPoint":"rsvp","timeout":"60s","availableMemoryMb":256,"serviceAccountEmail":"moe-wps@appspot.gserviceaccount.com","updateTime":"2022-08-04T10:06:51.275Z","versionId":"10","labels":{"deployment-tool":"cli-firebase"},"sourceUploadUrl":"https://storage.googleapis.com/uploads-369345215201.us-central1.cloudfunctions.appspot.com/4673f2ee-66fc-43e1-a238-ad402abf4f95.zip?GoogleAccessId=service-41234896871@gcf-admin-robot.iam.gserviceaccount.com&Expires=1659629319&Signature=iF%2B%2BQB02dk36rFT5M1Ds5iRiuSiAxEYdxDABjRsG8FzhpXL9ZHY8RtDxKri5GLPskWQr7iPMrGTl5SznzeldcIuGhHui%2BBz2tYIS9BVJOaBL240DQ27i0sW7i4MkQ%2F5IB9QBICwi%2BOObIcPeDqZLYw%2B2DbvNTEsbDerRM%2FIJPBD%2FUD%2B5%2FU5LXozsXxf%2BdGrWHaBR6lVJRD2iEhB1z%2Bb7uuLzRMf9F3faBoYJ46p5S3E8zBjss4oRl9miyxptHZ7Wlk2eJqGxIFgwVqD8ChLodqfrJnTAKBIIni4cfL9OmQz9qtJCTZqeodYbTmSeXkQ2L3VGaiFHKnCrboSSe17%2FTw%3D%3D","environmentVariables":{"FIREBASE_CONFIG":"{\"projectId\":\"moe-wps\",\"storageBucket\":\"moe-wps.appspot.com\",\"locationId\":\"asia-southeast1\"}","GCLOUD_PROJECT":"moe-wps"},"runtime":"nodejs14","ingressSettings":"ALLOW_ALL","buildId":"e203031f-3160-4795-8e63-52c47b034544","buildName":"projects/41234896871/locations/asia-southeast1/builds/e203031f-3160-4795-8e63-52c47b034544","dockerRegistry":"CONTAINER_REGISTRY"},"versionId":"11","updateTime":"2022-08-04T15:38:47Z"}}
[debug] [2022-08-04T15:38:50.870Z] [update-asia-southeast1-rsvp] Retrying task index 0
[debug] [2022-08-04T15:38:50.870Z] >>> [apiv2][query] GET https://cloudfunctions.googleapis.com/v1/operations/bW9lLXdwcy9hc2lhLXNvdXRoZWFzdDEvcnN2cC9ack0xU1VOOGhhdw [none]
[debug] [2022-08-04T15:38:51.003Z] <<< [apiv2][status] GET https://cloudfunctions.googleapis.com/v1/operations/bW9lLXdwcy9hc2lhLXNvdXRoZWFzdDEvcnN2cC9ack0xU1VOOGhhdw 200
[debug] [2022-08-04T15:38:51.003Z] <<< [apiv2][body] GET https://cloudfunctions.googleapis.com/v1/operations/bW9lLXdwcy9hc2lhLXNvdXRoZWFzdDEvcnN2cC9ack0xU1VOOGhhdw {"name":"operations/bW9lLXdwcy9hc2lhLXNvdXRoZWFzdDEvcnN2cC9ack0xU1VOOGhhdw","metadata":{"@type":"type.googleapis.com/google.cloud.functions.v1.OperationMetadataV1","target":"projects/moe-wps/locations/asia-southeast1/functions/rsvp","type":"UPDATE_FUNCTION","request":{"@type":"type.googleapis.com/google.cloud.functions.v1.CloudFunction","name":"projects/moe-wps/locations/asia-southeast1/functions/rsvp","httpsTrigger":{},"status":"ACTIVE","entryPoint":"rsvp","timeout":"60s","availableMemoryMb":256,"serviceAccountEmail":"moe-wps@appspot.gserviceaccount.com","updateTime":"2022-08-04T10:06:51.275Z","versionId":"10","labels":{"deployment-tool":"cli-firebase"},"sourceUploadUrl":"https://storage.googleapis.com/uploads-369345215201.us-central1.cloudfunctions.appspot.com/4673f2ee-66fc-43e1-a238-ad402abf4f95.zip?GoogleAccessId=service-41234896871@gcf-admin-robot.iam.gserviceaccount.com&Expires=1659629319&Signature=iF%2B%2BQB02dk36rFT5M1Ds5iRiuSiAxEYdxDABjRsG8FzhpXL9ZHY8RtDxKri5GLPskWQr7iPMrGTl5SznzeldcIuGhHui%2BBz2tYIS9BVJOaBL240DQ27i0sW7i4MkQ%2F5IB9QBICwi%2BOObIcPeDqZLYw%2B2DbvNTEsbDerRM%2FIJPBD%2FUD%2B5%2FU5LXozsXxf%2BdGrWHaBR6lVJRD2iEhB1z%2Bb7uuLzRMf9F3faBoYJ46p5S3E8zBjss4oRl9miyxptHZ7Wlk2eJqGxIFgwVqD8ChLodqfrJnTAKBIIni4cfL9OmQz9qtJCTZqeodYbTmSeXkQ2L3VGaiFHKnCrboSSe17%2FTw%3D%3D","environmentVariables":{"FIREBASE_CONFIG":"{\"projectId\":\"moe-wps\",\"storageBucket\":\"moe-wps.appspot.com\",\"locationId\":\"asia-southeast1\"}","GCLOUD_PROJECT":"moe-wps"},"runtime":"nodejs14","ingressSettings":"ALLOW_ALL","buildId":"e203031f-3160-4795-8e63-52c47b034544","buildName":"projects/41234896871/locations/asia-southeast1/builds/e203031f-3160-4795-8e63-52c47b034544","dockerRegistry":"CONTAINER_REGISTRY"},"versionId":"11","updateTime":"2022-08-04T15:38:47Z","buildId":"a49a293f-1cb6-407b-9ccd-a354d3219894","buildName":"projects/41234896871/locations/asia-southeast1/builds/a49a293f-1cb6-407b-9ccd-a354d3219894"}}
[debug] [2022-08-04T15:38:55.005Z] [update-asia-southeast1-rsvp] Retrying task index 0
[debug] [2022-08-04T15:38:55.005Z] >>> [apiv2][query] GET https://cloudfunctions.googleapis.com/v1/operations/bW9lLXdwcy9hc2lhLXNvdXRoZWFzdDEvcnN2cC9ack0xU1VOOGhhdw [none]
[debug] [2022-08-04T15:38:55.401Z] <<< [apiv2][status] GET https://cloudfunctions.googleapis.com/v1/operations/bW9lLXdwcy9hc2lhLXNvdXRoZWFzdDEvcnN2cC9ack0xU1VOOGhhdw 200
[debug] [2022-08-04T15:38:55.401Z] <<< [apiv2][body] GET https://cloudfunctions.googleapis.com/v1/operations/bW9lLXdwcy9hc2lhLXNvdXRoZWFzdDEvcnN2cC9ack0xU1VOOGhhdw {"name":"operations/bW9lLXdwcy9hc2lhLXNvdXRoZWFzdDEvcnN2cC9ack0xU1VOOGhhdw","metadata":{"@type":"type.googleapis.com/google.cloud.functions.v1.OperationMetadataV1","target":"projects/moe-wps/locations/asia-southeast1/functions/rsvp","type":"UPDATE_FUNCTION","request":{"@type":"type.googleapis.com/google.cloud.functions.v1.CloudFunction","name":"projects/moe-wps/locations/asia-southeast1/functions/rsvp","httpsTrigger":{},"status":"ACTIVE","entryPoint":"rsvp","timeout":"60s","availableMemoryMb":256,"serviceAccountEmail":"moe-wps@appspot.gserviceaccount.com","updateTime":"2022-08-04T10:06:51.275Z","versionId":"10","labels":{"deployment-tool":"cli-firebase"},"sourceUploadUrl":"https://storage.googleapis.com/uploads-369345215201.us-central1.cloudfunctions.appspot.com/4673f2ee-66fc-43e1-a238-ad402abf4f95.zip?GoogleAccessId=service-41234896871@gcf-admin-robot.iam.gserviceaccount.com&Expires=1659629319&Signature=iF%2B%2BQB02dk36rFT5M1Ds5iRiuSiAxEYdxDABjRsG8FzhpXL9ZHY8RtDxKri5GLPskWQr7iPMrGTl5SznzeldcIuGhHui%2BBz2tYIS9BVJOaBL240DQ27i0sW7i4MkQ%2F5IB9QBICwi%2BOObIcPeDqZLYw%2B2DbvNTEsbDerRM%2FIJPBD%2FUD%2B5%2FU5LXozsXxf%2BdGrWHaBR6lVJRD2iEhB1z%2Bb7uuLzRMf9F3faBoYJ46p5S3E8zBjss4oRl9miyxptHZ7Wlk2eJqGxIFgwVqD8ChLodqfrJnTAKBIIni4cfL9OmQz9qtJCTZqeodYbTmSeXkQ2L3VGaiFHKnCrboSSe17%2FTw%3D%3D","environmentVariables":{"FIREBASE_CONFIG":"{\"projectId\":\"moe-wps\",\"storageBucket\":\"moe-wps.appspot.com\",\"locationId\":\"asia-southeast1\"}","GCLOUD_PROJECT":"moe-wps"},"runtime":"nodejs14","ingressSettings":"ALLOW_ALL","buildId":"e203031f-3160-4795-8e63-52c47b034544","buildName":"projects/41234896871/locations/asia-southeast1/builds/e203031f-3160-4795-8e63-52c47b034544","dockerRegistry":"CONTAINER_REGISTRY"},"versionId":"11","updateTime":"2022-08-04T15:38:47Z","buildId":"a49a293f-1cb6-407b-9ccd-a354d3219894","buildName":"projects/41234896871/locations/asia-southeast1/builds/a49a293f-1cb6-407b-9ccd-a354d3219894"}}
[debug] [2022-08-04T15:39:03.402Z] [update-asia-southeast1-rsvp] Retrying task index 0
[debug] [2022-08-04T15:39:03.403Z] >>> [apiv2][query] GET https://cloudfunctions.googleapis.com/v1/operations/bW9lLXdwcy9hc2lhLXNvdXRoZWFzdDEvcnN2cC9ack0xU1VOOGhhdw [none]
[debug] [2022-08-04T15:39:03.579Z] <<< [apiv2][status] GET https://cloudfunctions.googleapis.com/v1/operations/bW9lLXdwcy9hc2lhLXNvdXRoZWFzdDEvcnN2cC9ack0xU1VOOGhhdw 200
[debug] [2022-08-04T15:39:03.579Z] <<< [apiv2][body] GET https://cloudfunctions.googleapis.com/v1/operations/bW9lLXdwcy9hc2lhLXNvdXRoZWFzdDEvcnN2cC9ack0xU1VOOGhhdw {"name":"operations/bW9lLXdwcy9hc2lhLXNvdXRoZWFzdDEvcnN2cC9ack0xU1VOOGhhdw","metadata":{"@type":"type.googleapis.com/google.cloud.functions.v1.OperationMetadataV1","target":"projects/moe-wps/locations/asia-southeast1/functions/rsvp","type":"UPDATE_FUNCTION","request":{"@type":"type.googleapis.com/google.cloud.functions.v1.CloudFunction","name":"projects/moe-wps/locations/asia-southeast1/functions/rsvp","httpsTrigger":{},"status":"ACTIVE","entryPoint":"rsvp","timeout":"60s","availableMemoryMb":256,"serviceAccountEmail":"moe-wps@appspot.gserviceaccount.com","updateTime":"2022-08-04T10:06:51.275Z","versionId":"10","labels":{"deployment-tool":"cli-firebase"},"sourceUploadUrl":"https://storage.googleapis.com/uploads-369345215201.us-central1.cloudfunctions.appspot.com/4673f2ee-66fc-43e1-a238-ad402abf4f95.zip?GoogleAccessId=service-41234896871@gcf-admin-robot.iam.gserviceaccount.com&Expires=1659629319&Signature=iF%2B%2BQB02dk36rFT5M1Ds5iRiuSiAxEYdxDABjRsG8FzhpXL9ZHY8RtDxKri5GLPskWQr7iPMrGTl5SznzeldcIuGhHui%2BBz2tYIS9BVJOaBL240DQ27i0sW7i4MkQ%2F5IB9QBICwi%2BOObIcPeDqZLYw%2B2DbvNTEsbDerRM%2FIJPBD%2FUD%2B5%2FU5LXozsXxf%2BdGrWHaBR6lVJRD2iEhB1z%2Bb7uuLzRMf9F3faBoYJ46p5S3E8zBjss4oRl9miyxptHZ7Wlk2eJqGxIFgwVqD8ChLodqfrJnTAKBIIni4cfL9OmQz9qtJCTZqeodYbTmSeXkQ2L3VGaiFHKnCrboSSe17%2FTw%3D%3D","environmentVariables":{"FIREBASE_CONFIG":"{\"projectId\":\"moe-wps\",\"storageBucket\":\"moe-wps.appspot.com\",\"locationId\":\"asia-southeast1\"}","GCLOUD_PROJECT":"moe-wps"},"runtime":"nodejs14","ingressSettings":"ALLOW_ALL","buildId":"e203031f-3160-4795-8e63-52c47b034544","buildName":"projects/41234896871/locations/asia-southeast1/builds/e203031f-3160-4795-8e63-52c47b034544","dockerRegistry":"CONTAINER_REGISTRY"},"versionId":"11","updateTime":"2022-08-04T15:38:47Z","buildId":"a49a293f-1cb6-407b-9ccd-a354d3219894","buildName":"projects/41234896871/locations/asia-southeast1/builds/a49a293f-1cb6-407b-9ccd-a354d3219894"}}
[debug] [2022-08-04T15:39:13.580Z] [update-asia-southeast1-rsvp] Retrying task index 0
[debug] [2022-08-04T15:39:13.581Z] >>> [apiv2][query] GET https://cloudfunctions.googleapis.com/v1/operations/bW9lLXdwcy9hc2lhLXNvdXRoZWFzdDEvcnN2cC9ack0xU1VOOGhhdw [none]
[debug] [2022-08-04T15:39:13.703Z] <<< [apiv2][status] GET https://cloudfunctions.googleapis.com/v1/operations/bW9lLXdwcy9hc2lhLXNvdXRoZWFzdDEvcnN2cC9ack0xU1VOOGhhdw 200
[debug] [2022-08-04T15:39:13.703Z] <<< [apiv2][body] GET https://cloudfunctions.googleapis.com/v1/operations/bW9lLXdwcy9hc2lhLXNvdXRoZWFzdDEvcnN2cC9ack0xU1VOOGhhdw {"name":"operations/bW9lLXdwcy9hc2lhLXNvdXRoZWFzdDEvcnN2cC9ack0xU1VOOGhhdw","metadata":{"@type":"type.googleapis.com/google.cloud.functions.v1.OperationMetadataV1","target":"projects/moe-wps/locations/asia-southeast1/functions/rsvp","type":"UPDATE_FUNCTION","request":{"@type":"type.googleapis.com/google.cloud.functions.v1.CloudFunction","name":"projects/moe-wps/locations/asia-southeast1/functions/rsvp","httpsTrigger":{},"status":"ACTIVE","entryPoint":"rsvp","timeout":"60s","availableMemoryMb":256,"serviceAccountEmail":"moe-wps@appspot.gserviceaccount.com","updateTime":"2022-08-04T10:06:51.275Z","versionId":"10","labels":{"deployment-tool":"cli-firebase"},"sourceUploadUrl":"https://storage.googleapis.com/uploads-369345215201.us-central1.cloudfunctions.appspot.com/4673f2ee-66fc-43e1-a238-ad402abf4f95.zip?GoogleAccessId=service-41234896871@gcf-admin-robot.iam.gserviceaccount.com&Expires=1659629319&Signature=iF%2B%2BQB02dk36rFT5M1Ds5iRiuSiAxEYdxDABjRsG8FzhpXL9ZHY8RtDxKri5GLPskWQr7iPMrGTl5SznzeldcIuGhHui%2BBz2tYIS9BVJOaBL240DQ27i0sW7i4MkQ%2F5IB9QBICwi%2BOObIcPeDqZLYw%2B2DbvNTEsbDerRM%2FIJPBD%2FUD%2B5%2FU5LXozsXxf%2BdGrWHaBR6lVJRD2iEhB1z%2Bb7uuLzRMf9F3faBoYJ46p5S3E8zBjss4oRl9miyxptHZ7Wlk2eJqGxIFgwVqD8ChLodqfrJnTAKBIIni4cfL9OmQz9qtJCTZqeodYbTmSeXkQ2L3VGaiFHKnCrboSSe17%2FTw%3D%3D","environmentVariables":{"FIREBASE_CONFIG":"{\"projectId\":\"moe-wps\",\"storageBucket\":\"moe-wps.appspot.com\",\"locationId\":\"asia-southeast1\"}","GCLOUD_PROJECT":"moe-wps"},"runtime":"nodejs14","ingressSettings":"ALLOW_ALL","buildId":"e203031f-3160-4795-8e63-52c47b034544","buildName":"projects/41234896871/locations/asia-southeast1/builds/e203031f-3160-4795-8e63-52c47b034544","dockerRegistry":"CONTAINER_REGISTRY"},"versionId":"11","updateTime":"2022-08-04T15:38:47Z","buildId":"a49a293f-1cb6-407b-9ccd-a354d3219894","buildName":"projects/41234896871/locations/asia-southeast1/builds/a49a293f-1cb6-407b-9ccd-a354d3219894"}}
[debug] [2022-08-04T15:39:23.704Z] [update-asia-southeast1-rsvp] Retrying task index 0
[debug] [2022-08-04T15:39:23.704Z] >>> [apiv2][query] GET https://cloudfunctions.googleapis.com/v1/operations/bW9lLXdwcy9hc2lhLXNvdXRoZWFzdDEvcnN2cC9ack0xU1VOOGhhdw [none]
[debug] [2022-08-04T15:39:23.819Z] <<< [apiv2][status] GET https://cloudfunctions.googleapis.com/v1/operations/bW9lLXdwcy9hc2lhLXNvdXRoZWFzdDEvcnN2cC9ack0xU1VOOGhhdw 200
[debug] [2022-08-04T15:39:23.819Z] <<< [apiv2][body] GET https://cloudfunctions.googleapis.com/v1/operations/bW9lLXdwcy9hc2lhLXNvdXRoZWFzdDEvcnN2cC9ack0xU1VOOGhhdw {"name":"operations/bW9lLXdwcy9hc2lhLXNvdXRoZWFzdDEvcnN2cC9ack0xU1VOOGhhdw","metadata":{"@type":"type.googleapis.com/google.cloud.functions.v1.OperationMetadataV1","target":"projects/moe-wps/locations/asia-southeast1/functions/rsvp","type":"UPDATE_FUNCTION","request":{"@type":"type.googleapis.com/google.cloud.functions.v1.CloudFunction","name":"projects/moe-wps/locations/asia-southeast1/functions/rsvp","httpsTrigger":{},"status":"ACTIVE","entryPoint":"rsvp","timeout":"60s","availableMemoryMb":256,"serviceAccountEmail":"moe-wps@appspot.gserviceaccount.com","updateTime":"2022-08-04T10:06:51.275Z","versionId":"10","labels":{"deployment-tool":"cli-firebase"},"sourceUploadUrl":"https://storage.googleapis.com/uploads-369345215201.us-central1.cloudfunctions.appspot.com/4673f2ee-66fc-43e1-a238-ad402abf4f95.zip?GoogleAccessId=service-41234896871@gcf-admin-robot.iam.gserviceaccount.com&Expires=1659629319&Signature=iF%2B%2BQB02dk36rFT5M1Ds5iRiuSiAxEYdxDABjRsG8FzhpXL9ZHY8RtDxKri5GLPskWQr7iPMrGTl5SznzeldcIuGhHui%2BBz2tYIS9BVJOaBL240DQ27i0sW7i4MkQ%2F5IB9QBICwi%2BOObIcPeDqZLYw%2B2DbvNTEsbDerRM%2FIJPBD%2FUD%2B5%2FU5LXozsXxf%2BdGrWHaBR6lVJRD2iEhB1z%2Bb7uuLzRMf9F3faBoYJ46p5S3E8zBjss4oRl9miyxptHZ7Wlk2eJqGxIFgwVqD8ChLodqfrJnTAKBIIni4cfL9OmQz9qtJCTZqeodYbTmSeXkQ2L3VGaiFHKnCrboSSe17%2FTw%3D%3D","environmentVariables":{"FIREBASE_CONFIG":"{\"projectId\":\"moe-wps\",\"storageBucket\":\"moe-wps.appspot.com\",\"locationId\":\"asia-southeast1\"}","GCLOUD_PROJECT":"moe-wps"},"runtime":"nodejs14","ingressSettings":"ALLOW_ALL","buildId":"e203031f-3160-4795-8e63-52c47b034544","buildName":"projects/41234896871/locations/asia-southeast1/builds/e203031f-3160-4795-8e63-52c47b034544","dockerRegistry":"CONTAINER_REGISTRY"},"versionId":"11","updateTime":"2022-08-04T15:38:47Z","buildId":"a49a293f-1cb6-407b-9ccd-a354d3219894","buildName":"projects/41234896871/locations/asia-southeast1/builds/a49a293f-1cb6-407b-9ccd-a354d3219894"}}
[debug] [2022-08-04T15:39:33.821Z] [update-asia-southeast1-rsvp] Retrying task index 0
[debug] [2022-08-04T15:39:33.822Z] >>> [apiv2][query] GET https://cloudfunctions.googleapis.com/v1/operations/bW9lLXdwcy9hc2lhLXNvdXRoZWFzdDEvcnN2cC9ack0xU1VOOGhhdw [none]
[debug] [2022-08-04T15:39:33.952Z] <<< [apiv2][status] GET https://cloudfunctions.googleapis.com/v1/operations/bW9lLXdwcy9hc2lhLXNvdXRoZWFzdDEvcnN2cC9ack0xU1VOOGhhdw 200
[debug] [2022-08-04T15:39:33.953Z] <<< [apiv2][body] GET https://cloudfunctions.googleapis.com/v1/operations/bW9lLXdwcy9hc2lhLXNvdXRoZWFzdDEvcnN2cC9ack0xU1VOOGhhdw {"name":"operations/bW9lLXdwcy9hc2lhLXNvdXRoZWFzdDEvcnN2cC9ack0xU1VOOGhhdw","metadata":{"@type":"type.googleapis.com/google.cloud.functions.v1.OperationMetadataV1","target":"projects/moe-wps/locations/asia-southeast1/functions/rsvp","type":"UPDATE_FUNCTION","request":{"@type":"type.googleapis.com/google.cloud.functions.v1.CloudFunction","name":"projects/moe-wps/locations/asia-southeast1/functions/rsvp","httpsTrigger":{},"status":"ACTIVE","entryPoint":"rsvp","timeout":"60s","availableMemoryMb":256,"serviceAccountEmail":"moe-wps@appspot.gserviceaccount.com","updateTime":"2022-08-04T10:06:51.275Z","versionId":"10","labels":{"deployment-tool":"cli-firebase"},"sourceUploadUrl":"https://storage.googleapis.com/uploads-369345215201.us-central1.cloudfunctions.appspot.com/4673f2ee-66fc-43e1-a238-ad402abf4f95.zip?GoogleAccessId=service-41234896871@gcf-admin-robot.iam.gserviceaccount.com&Expires=1659629319&Signature=iF%2B%2BQB02dk36rFT5M1Ds5iRiuSiAxEYdxDABjRsG8FzhpXL9ZHY8RtDxKri5GLPskWQr7iPMrGTl5SznzeldcIuGhHui%2BBz2tYIS9BVJOaBL240DQ27i0sW7i4MkQ%2F5IB9QBICwi%2BOObIcPeDqZLYw%2B2DbvNTEsbDerRM%2FIJPBD%2FUD%2B5%2FU5LXozsXxf%2BdGrWHaBR6lVJRD2iEhB1z%2Bb7uuLzRMf9F3faBoYJ46p5S3E8zBjss4oRl9miyxptHZ7Wlk2eJqGxIFgwVqD8ChLodqfrJnTAKBIIni4cfL9OmQz9qtJCTZqeodYbTmSeXkQ2L3VGaiFHKnCrboSSe17%2FTw%3D%3D","environmentVariables":{"FIREBASE_CONFIG":"{\"projectId\":\"moe-wps\",\"storageBucket\":\"moe-wps.appspot.com\",\"locationId\":\"asia-southeast1\"}","GCLOUD_PROJECT":"moe-wps"},"runtime":"nodejs14","ingressSettings":"ALLOW_ALL","buildId":"e203031f-3160-4795-8e63-52c47b034544","buildName":"projects/41234896871/locations/asia-southeast1/builds/e203031f-3160-4795-8e63-52c47b034544","dockerRegistry":"CONTAINER_REGISTRY"},"versionId":"11","updateTime":"2022-08-04T15:38:47Z","buildId":"a49a293f-1cb6-407b-9ccd-a354d3219894","buildName":"projects/41234896871/locations/asia-southeast1/builds/a49a293f-1cb6-407b-9ccd-a354d3219894"}}
[debug] [2022-08-04T15:39:43.956Z] [update-asia-southeast1-rsvp] Retrying task index 0
[debug] [2022-08-04T15:39:43.957Z] >>> [apiv2][query] GET https://cloudfunctions.googleapis.com/v1/operations/bW9lLXdwcy9hc2lhLXNvdXRoZWFzdDEvcnN2cC9ack0xU1VOOGhhdw [none]
[debug] [2022-08-04T15:39:44.155Z] <<< [apiv2][status] GET https://cloudfunctions.googleapis.com/v1/operations/bW9lLXdwcy9hc2lhLXNvdXRoZWFzdDEvcnN2cC9ack0xU1VOOGhhdw 200
[debug] [2022-08-04T15:39:44.156Z] <<< [apiv2][body] GET https://cloudfunctions.googleapis.com/v1/operations/bW9lLXdwcy9hc2lhLXNvdXRoZWFzdDEvcnN2cC9ack0xU1VOOGhhdw {"name":"operations/bW9lLXdwcy9hc2lhLXNvdXRoZWFzdDEvcnN2cC9ack0xU1VOOGhhdw","metadata":{"@type":"type.googleapis.com/google.cloud.functions.v1.OperationMetadataV1","target":"projects/moe-wps/locations/asia-southeast1/functions/rsvp","type":"UPDATE_FUNCTION","request":{"@type":"type.googleapis.com/google.cloud.functions.v1.CloudFunction","name":"projects/moe-wps/locations/asia-southeast1/functions/rsvp","httpsTrigger":{},"status":"ACTIVE","entryPoint":"rsvp","timeout":"60s","availableMemoryMb":256,"serviceAccountEmail":"moe-wps@appspot.gserviceaccount.com","updateTime":"2022-08-04T10:06:51.275Z","versionId":"10","labels":{"deployment-tool":"cli-firebase"},"sourceUploadUrl":"https://storage.googleapis.com/uploads-369345215201.us-central1.cloudfunctions.appspot.com/4673f2ee-66fc-43e1-a238-ad402abf4f95.zip?GoogleAccessId=service-41234896871@gcf-admin-robot.iam.gserviceaccount.com&Expires=1659629319&Signature=iF%2B%2BQB02dk36rFT5M1Ds5iRiuSiAxEYdxDABjRsG8FzhpXL9ZHY8RtDxKri5GLPskWQr7iPMrGTl5SznzeldcIuGhHui%2BBz2tYIS9BVJOaBL240DQ27i0sW7i4MkQ%2F5IB9QBICwi%2BOObIcPeDqZLYw%2B2DbvNTEsbDerRM%2FIJPBD%2FUD%2B5%2FU5LXozsXxf%2BdGrWHaBR6lVJRD2iEhB1z%2Bb7uuLzRMf9F3faBoYJ46p5S3E8zBjss4oRl9miyxptHZ7Wlk2eJqGxIFgwVqD8ChLodqfrJnTAKBIIni4cfL9OmQz9qtJCTZqeodYbTmSeXkQ2L3VGaiFHKnCrboSSe17%2FTw%3D%3D","environmentVariables":{"FIREBASE_CONFIG":"{\"projectId\":\"moe-wps\",\"storageBucket\":\"moe-wps.appspot.com\",\"locationId\":\"asia-southeast1\"}","GCLOUD_PROJECT":"moe-wps"},"runtime":"nodejs14","ingressSettings":"ALLOW_ALL","buildId":"e203031f-3160-4795-8e63-52c47b034544","buildName":"projects/41234896871/locations/asia-southeast1/builds/e203031f-3160-4795-8e63-52c47b034544","dockerRegistry":"CONTAINER_REGISTRY"},"versionId":"11","updateTime":"2022-08-04T15:38:47Z","buildId":"a49a293f-1cb6-407b-9ccd-a354d3219894","buildName":"projects/41234896871/locations/asia-southeast1/builds/a49a293f-1cb6-407b-9ccd-a354d3219894"}}
[debug] [2022-08-04T15:39:54.160Z] [update-asia-southeast1-rsvp] Retrying task index 0
[debug] [2022-08-04T15:39:54.161Z] >>> [apiv2][query] GET https://cloudfunctions.googleapis.com/v1/operations/bW9lLXdwcy9hc2lhLXNvdXRoZWFzdDEvcnN2cC9ack0xU1VOOGhhdw [none]
[debug] [2022-08-04T15:39:54.317Z] <<< [apiv2][status] GET https://cloudfunctions.googleapis.com/v1/operations/bW9lLXdwcy9hc2lhLXNvdXRoZWFzdDEvcnN2cC9ack0xU1VOOGhhdw 200
[debug] [2022-08-04T15:39:54.318Z] <<< [apiv2][body] GET https://cloudfunctions.googleapis.com/v1/operations/bW9lLXdwcy9hc2lhLXNvdXRoZWFzdDEvcnN2cC9ack0xU1VOOGhhdw {"name":"operations/bW9lLXdwcy9hc2lhLXNvdXRoZWFzdDEvcnN2cC9ack0xU1VOOGhhdw","metadata":{"@type":"type.googleapis.com/google.cloud.functions.v1.OperationMetadataV1","target":"projects/moe-wps/locations/asia-southeast1/functions/rsvp","type":"UPDATE_FUNCTION","request":{"@type":"type.googleapis.com/google.cloud.functions.v1.CloudFunction","name":"projects/moe-wps/locations/asia-southeast1/functions/rsvp","httpsTrigger":{},"status":"ACTIVE","entryPoint":"rsvp","timeout":"60s","availableMemoryMb":256,"serviceAccountEmail":"moe-wps@appspot.gserviceaccount.com","updateTime":"2022-08-04T10:06:51.275Z","versionId":"10","labels":{"deployment-tool":"cli-firebase"},"sourceUploadUrl":"https://storage.googleapis.com/uploads-369345215201.us-central1.cloudfunctions.appspot.com/4673f2ee-66fc-43e1-a238-ad402abf4f95.zip?GoogleAccessId=service-41234896871@gcf-admin-robot.iam.gserviceaccount.com&Expires=1659629319&Signature=iF%2B%2BQB02dk36rFT5M1Ds5iRiuSiAxEYdxDABjRsG8FzhpXL9ZHY8RtDxKri5GLPskWQr7iPMrGTl5SznzeldcIuGhHui%2BBz2tYIS9BVJOaBL240DQ27i0sW7i4MkQ%2F5IB9QBICwi%2BOObIcPeDqZLYw%2B2DbvNTEsbDerRM%2FIJPBD%2FUD%2B5%2FU5LXozsXxf%2BdGrWHaBR6lVJRD2iEhB1z%2Bb7uuLzRMf9F3faBoYJ46p5S3E8zBjss4oRl9miyxptHZ7Wlk2eJqGxIFgwVqD8ChLodqfrJnTAKBIIni4cfL9OmQz9qtJCTZqeodYbTmSeXkQ2L3VGaiFHKnCrboSSe17%2FTw%3D%3D","environmentVariables":{"FIREBASE_CONFIG":"{\"projectId\":\"moe-wps\",\"storageBucket\":\"moe-wps.appspot.com\",\"locationId\":\"asia-southeast1\"}","GCLOUD_PROJECT":"moe-wps"},"runtime":"nodejs14","ingressSettings":"ALLOW_ALL","buildId":"e203031f-3160-4795-8e63-52c47b034544","buildName":"projects/41234896871/locations/asia-southeast1/builds/e203031f-3160-4795-8e63-52c47b034544","dockerRegistry":"CONTAINER_REGISTRY"},"versionId":"11","updateTime":"2022-08-04T15:38:47Z","buildId":"a49a293f-1cb6-407b-9ccd-a354d3219894","buildName":"projects/41234896871/locations/asia-southeast1/builds/a49a293f-1cb6-407b-9ccd-a354d3219894"}}
[debug] [2022-08-04T16:10:15.157Z] [update-asia-southeast1-rsvp] Retrying task index 0
[debug] [2022-08-04T16:10:15.157Z] >>> [apiv2][query] GET https://cloudfunctions.googleapis.com/v1/operations/bW9lLXdwcy9hc2lhLXNvdXRoZWFzdDEvcnN2cC9ack0xU1VOOGhhdw [none]
[debug] Task index 0 failed: timed out after 1500000ms.
[debug] [2022-08-04T16:10:15.159Z] Total Function Deployment time: 1889022
[debug] [2022-08-04T16:10:15.159Z] 1 Functions Deployed
[debug] [2022-08-04T16:10:15.159Z] 1 Functions Errored
[debug] [2022-08-04T16:10:15.159Z] 0 Function Deployments Aborted
[debug] [2022-08-04T16:10:15.159Z] Average Function Deployment time: 1889022
[info] 
[info] Functions deploy had errors with the following functions:
	rsvp(asia-southeast1)
[debug] [2022-08-04T16:10:15.206Z] Missing URI for HTTPS function in printTriggerUrls. This shouldn't happen
[info] i  functions: cleaning up build files... 
[debug] [2022-08-04T16:10:15.207Z] >>> [apiv2][query] DELETE https://artifactregistry.googleapis.com/v1beta2/projects/moe-wps/locations/asia-southeast1/repositories/gcf-artifacts/packages/rsvp [none]
[debug] [2022-08-04T16:10:15.208Z] >>> [apiv2][query] GET https://us.gcr.io/v2/moe-wps/gcf/asia-southeast1/tags/list [none]
[debug] [2022-08-04T16:10:15.303Z] <<< [apiv2][status] DELETE https://artifactregistry.googleapis.com/v1beta2/projects/moe-wps/locations/asia-southeast1/repositories/gcf-artifacts/packages/rsvp 404
[debug] [2022-08-04T16:10:15.303Z] <<< [apiv2][body] DELETE https://artifactregistry.googleapis.com/v1beta2/projects/moe-wps/locations/asia-southeast1/repositories/gcf-artifacts/packages/rsvp {"error":{"code":404,"message":"Package \"projects/moe-wps/locations/asia-southeast1/repositories/gcf-artifacts/packages/rsvp\" was not found.","status":"NOT_FOUND"}}
[debug] [2022-08-04T16:10:15.329Z] <<< [apiv2][status] GET https://cloudfunctions.googleapis.com/v1/operations/bW9lLXdwcy9hc2lhLXNvdXRoZWFzdDEvcnN2cC9ack0xU1VOOGhhdw 200
[debug] [2022-08-04T16:10:15.329Z] <<< [apiv2][body] GET https://cloudfunctions.googleapis.com/v1/operations/bW9lLXdwcy9hc2lhLXNvdXRoZWFzdDEvcnN2cC9ack0xU1VOOGhhdw {"name":"operations/bW9lLXdwcy9hc2lhLXNvdXRoZWFzdDEvcnN2cC9ack0xU1VOOGhhdw","metadata":{"@type":"type.googleapis.com/google.cloud.functions.v1.OperationMetadataV1","target":"projects/moe-wps/locations/asia-southeast1/functions/rsvp","type":"UPDATE_FUNCTION","request":{"@type":"type.googleapis.com/google.cloud.functions.v1.CloudFunction","name":"projects/moe-wps/locations/asia-southeast1/functions/rsvp","httpsTrigger":{},"status":"ACTIVE","entryPoint":"rsvp","timeout":"60s","availableMemoryMb":256,"serviceAccountEmail":"moe-wps@appspot.gserviceaccount.com","updateTime":"2022-08-04T10:06:51.275Z","versionId":"10","labels":{"deployment-tool":"cli-firebase"},"sourceUploadUrl":"https://storage.googleapis.com/uploads-369345215201.us-central1.cloudfunctions.appspot.com/4673f2ee-66fc-43e1-a238-ad402abf4f95.zip?GoogleAccessId=service-41234896871@gcf-admin-robot.iam.gserviceaccount.com&Expires=1659629319&Signature=iF%2B%2BQB02dk36rFT5M1Ds5iRiuSiAxEYdxDABjRsG8FzhpXL9ZHY8RtDxKri5GLPskWQr7iPMrGTl5SznzeldcIuGhHui%2BBz2tYIS9BVJOaBL240DQ27i0sW7i4MkQ%2F5IB9QBICwi%2BOObIcPeDqZLYw%2B2DbvNTEsbDerRM%2FIJPBD%2FUD%2B5%2FU5LXozsXxf%2BdGrWHaBR6lVJRD2iEhB1z%2Bb7uuLzRMf9F3faBoYJ46p5S3E8zBjss4oRl9miyxptHZ7Wlk2eJqGxIFgwVqD8ChLodqfrJnTAKBIIni4cfL9OmQz9qtJCTZqeodYbTmSeXkQ2L3VGaiFHKnCrboSSe17%2FTw%3D%3D","environmentVariables":{"FIREBASE_CONFIG":"{\"projectId\":\"moe-wps\",\"storageBucket\":\"moe-wps.appspot.com\",\"locationId\":\"asia-southeast1\"}","GCLOUD_PROJECT":"moe-wps"},"runtime":"nodejs14","ingressSettings":"ALLOW_ALL","buildId":"e203031f-3160-4795-8e63-52c47b034544","buildName":"projects/41234896871/locations/asia-southeast1/builds/e203031f-3160-4795-8e63-52c47b034544","dockerRegistry":"CONTAINER_REGISTRY"},"versionId":"11","updateTime":"2022-08-04T15:40:24Z","buildId":"a49a293f-1cb6-407b-9ccd-a354d3219894","sourceToken":"19af97c5-4108-4664-b9ad-119ef1ad5837","buildName":"projects/41234896871/locations/asia-southeast1/builds/a49a293f-1cb6-407b-9ccd-a354d3219894"},"done":true,"response":{"@type":"type.googleapis.com/google.cloud.functions.v1.CloudFunction","name":"projects/moe-wps/locations/asia-southeast1/functions/rsvp","httpsTrigger":{"url":"https://asia-southeast1-moe-wps.cloudfunctions.net/rsvp","securityLevel":"SECURE_OPTIONAL"},"status":"ACTIVE","entryPoint":"rsvp","timeout":"60s","availableMemoryMb":256,"serviceAccountEmail":"moe-wps@appspot.gserviceaccount.com","updateTime":"2022-08-04T15:40:24.302Z","versionId":"11","labels":{"deployment-tool":"cli-firebase"},"sourceUploadUrl":"https://storage.googleapis.com/uploads-369345215201.us-central1.cloudfunctions.appspot.com/4673f2ee-66fc-43e1-a238-ad402abf4f95.zip","environmentVariables":{"FIREBASE_CONFIG":"{\"projectId\":\"moe-wps\",\"storageBucket\":\"moe-wps.appspot.com\",\"locationId\":\"asia-southeast1\"}","GCLOUD_PROJECT":"moe-wps"},"runtime":"nodejs14","ingressSettings":"ALLOW_ALL","buildId":"a49a293f-1cb6-407b-9ccd-a354d3219894","buildName":"projects/41234896871/locations/asia-southeast1/builds/a49a293f-1cb6-407b-9ccd-a354d3219894","dockerRegistry":"CONTAINER_REGISTRY"}}
[debug] [2022-08-04T16:10:15.329Z] Got source token 19af97c5-4108-4664-b9ad-119ef1ad5837 for region asia-southeast1
[debug] [2022-08-04T16:10:15.506Z] <<< [apiv2][status] GET https://us.gcr.io/v2/moe-wps/gcf/asia-southeast1/tags/list 200
[debug] [2022-08-04T16:10:15.506Z] <<< [apiv2][body] GET https://us.gcr.io/v2/moe-wps/gcf/asia-southeast1/tags/list {"child":[],"manifest":{},"name":"moe-wps/gcf/asia-southeast1","tags":[]}
[debug] [2022-08-04T16:10:15.506Z] Could not find image for function projects/moe-wps/locations/asia-southeast1/functions/rsvp
[debug] [2022-08-04T16:10:15.541Z] Error: Failed to update function rsvp in region asia-southeast1
    at /usr/local/lib/node_modules/firebase-tools/lib/deploy/functions/release/fabricator.js:38:11
    at async Fabricator.updateV1Function (/usr/local/lib/node_modules/firebase-tools/lib/deploy/functions/release/fabricator.js:250:32)
    at async Fabricator.updateEndpoint (/usr/local/lib/node_modules/firebase-tools/lib/deploy/functions/release/fabricator.js:134:13)
    at async handle (/usr/local/lib/node_modules/firebase-tools/lib/deploy/functions/release/fabricator.js:75:17)
[error] 
[error] Error: There was an error deploying functions
